<?xml version="1.0" encoding="UTF-8"?>
<testsuite xmlns:xsi="http://www.w3.org/2001/XMLSchema-instance" xsi:noNamespaceSchemaLocation="https://maven.apache.org/surefire/maven-surefire-plugin/xsd/surefire-test-report-3.0.xsd" version="3.0" name="com.rapidsecure.rapidsecure.RapidsecureApplicationTests" time="20.34" tests="1" errors="0" skipped="0" failures="0">
  <properties>
[...]
</properties>
  <testcase name="contextLoads" classname="com.rapidsecure.rapidsecure.RapidsecureApplicationTests" time="0.789">
    <system-out><![CDATA[20:59:01.954 [main] INFO org.springframework.test.context.support.AnnotationConfigContextLoaderUtils -- Could not detect default configuration classes for test class [com.rapidsecure.rapidsecure.RapidsecureApplicationTests]: RapidsecureApplicationTests does not declare any static, non-private, non-final, nested classes annotated with @Configuration.
20:59:02.137 [main] INFO org.springframework.boot.test.context.SpringBootTestContextBootstrapper -- Found @SpringBootConfiguration com.rapidsecure.rapidsecure.RapidsecureApplication for test class com.rapidsecure.rapidsecure.RapidsecureApplicationTests

  .   ____          _            __ _ _
 /\\ / ___'_ __ _ _(_)_ __  __ _ \ \ \ \
( ( )\___ | '_ | '_| | '_ \/ _` | \ \ \ \
 \\/  ___)| |_)| | | | | || (_| |  ) ) ) )
  '  |____| .__|_| |_|_| |_\__, | / / / /
 =========|_|==============|___/=/_/_/_/

 :: Spring Boot ::                (v3.3.1)

2024-08-10T20:59:03.070-05:00  INFO 40026 --- [rapidsecure] [           main] c.r.r.RapidsecureApplicationTests        : Starting RapidsecureApplicationTests using Java 21.0.4 with PID 40026 (started by sucode in /home/sucode/Documentos/rapid/rapidsecure-backend)
2024-08-10T20:59:03.074-05:00  INFO 40026 --- [rapidsecure] [           main] c.r.r.RapidsecureApplicationTests        : No active profile set, falling back to 1 default profile: "default"
2024-08-10T20:59:03.177-05:00 DEBUG 40026 --- [rapidsecure] [           main] o.s.w.c.s.GenericWebApplicationContext   : Refreshing org.springframework.web.context.support.GenericWebApplicationContext@4152d38d
2024-08-10T20:59:05.342-05:00  INFO 40026 --- [rapidsecure] [           main] .s.d.r.c.RepositoryConfigurationDelegate : Bootstrapping Spring Data JPA repositories in DEFAULT mode.
2024-08-10T20:59:05.445-05:00  INFO 40026 --- [rapidsecure] [           main] .s.d.r.c.RepositoryConfigurationDelegate : Finished Spring Data repository scanning in 91 ms. Found 5 JPA repository interfaces.
2024-08-10T20:59:06.529-05:00 DEBUG 40026 --- [rapidsecure] [           main] o.hibernate.jpa.internal.util.LogHelper  : PersistenceUnitInfo [
	name: default
	persistence provider classname: null
	classloader: jdk.internal.loader.ClassLoaders$AppClassLoader@4f2410ac
	excludeUnlistedClasses: true
	JTA datasource: null
	Non JTA datasource: HikariDataSource (null)
	Transaction type: RESOURCE_LOCAL
	PU root URL: file:/home/sucode/Documentos/rapid/rapidsecure-backend/target/test-classes/
	Shared Cache Mode: UNSPECIFIED
	Validation Mode: AUTO
	Jar files URLs []
	Managed classes names [
		com.rapidsecure.rapidsecure.entity.Estado
		com.rapidsecure.rapidsecure.entity.Persona
		com.rapidsecure.rapidsecure.entity.ReporteEmergencia
		com.rapidsecure.rapidsecure.entity.Rol
		com.rapidsecure.rapidsecure.entity.TipoEmergencia]
	Mapping files names []
	Properties []
2024-08-10T20:59:06.545-05:00 DEBUG 40026 --- [rapidsecure] [           main] o.h.i.internal.IntegratorServiceImpl     : Adding Integrator [org.hibernate.boot.beanvalidation.BeanValidationIntegrator].
2024-08-10T20:59:06.547-05:00 DEBUG 40026 --- [rapidsecure] [           main] o.h.i.internal.IntegratorServiceImpl     : Adding Integrator [org.hibernate.cache.internal.CollectionCacheInvalidator].
2024-08-10T20:59:06.599-05:00  INFO 40026 --- [rapidsecure] [           main] org.hibernate.Version                    : HHH000412: Hibernate ORM core version 6.5.2.Final
2024-08-10T20:59:06.603-05:00 DEBUG 40026 --- [rapidsecure] [           main] org.hibernate.cfg.Environment            : HHH000206: 'hibernate.properties' not found
2024-08-10T20:59:06.640-05:00 DEBUG 40026 --- [rapidsecure] [           main] org.hibernate.orm.idgen.factory          : Registering IdentifierGenerator strategy [uuid2] -> [org.hibernate.id.UUIDGenerator]
2024-08-10T20:59:06.641-05:00 DEBUG 40026 --- [rapidsecure] [           main] org.hibernate.orm.idgen.factory          : Registering IdentifierGenerator strategy [guid] -> [org.hibernate.id.GUIDGenerator]
2024-08-10T20:59:06.643-05:00 DEBUG 40026 --- [rapidsecure] [           main] org.hibernate.orm.idgen.factory          : Registering IdentifierGenerator strategy [uuid] -> [org.hibernate.id.UUIDHexGenerator]
2024-08-10T20:59:06.643-05:00 DEBUG 40026 --- [rapidsecure] [           main] org.hibernate.orm.idgen.factory          : Registering IdentifierGenerator strategy [uuid.hex] -> [org.hibernate.id.UUIDHexGenerator]
2024-08-10T20:59:06.644-05:00 DEBUG 40026 --- [rapidsecure] [           main] org.hibernate.orm.idgen.factory          : Registering IdentifierGenerator strategy [assigned] -> [org.hibernate.id.Assigned]
2024-08-10T20:59:06.645-05:00 DEBUG 40026 --- [rapidsecure] [           main] org.hibernate.orm.idgen.factory          : Registering IdentifierGenerator strategy [identity] -> [org.hibernate.id.IdentityGenerator]
2024-08-10T20:59:06.647-05:00 DEBUG 40026 --- [rapidsecure] [           main] org.hibernate.orm.idgen.factory          : Registering IdentifierGenerator strategy [select] -> [org.hibernate.id.SelectGenerator]
2024-08-10T20:59:06.648-05:00 DEBUG 40026 --- [rapidsecure] [           main] org.hibernate.orm.idgen.factory          : Registering IdentifierGenerator strategy [sequence] -> [org.hibernate.id.enhanced.SequenceStyleGenerator]
2024-08-10T20:59:06.649-05:00 DEBUG 40026 --- [rapidsecure] [           main] org.hibernate.orm.idgen.factory          : Registering IdentifierGenerator strategy [increment] -> [org.hibernate.id.IncrementGenerator]
2024-08-10T20:59:06.650-05:00 DEBUG 40026 --- [rapidsecure] [           main] org.hibernate.orm.idgen.factory          : Registering IdentifierGenerator strategy [foreign] -> [org.hibernate.id.ForeignGenerator]
2024-08-10T20:59:06.652-05:00 DEBUG 40026 --- [rapidsecure] [           main] org.hibernate.orm.idgen.factory          : Registering IdentifierGenerator strategy [enhanced-sequence] -> [org.hibernate.id.enhanced.SequenceStyleGenerator]
2024-08-10T20:59:06.654-05:00 DEBUG 40026 --- [rapidsecure] [           main] org.hibernate.orm.idgen.factory          : Registering IdentifierGenerator strategy [enhanced-table] -> [org.hibernate.id.enhanced.TableGenerator]
2024-08-10T20:59:06.667-05:00 DEBUG 40026 --- [rapidsecure] [           main] o.h.c.internal.RegionFactoryInitiator    : Cannot default RegionFactory based on registered strategies as `[]` RegionFactory strategies were registered
2024-08-10T20:59:06.670-05:00  INFO 40026 --- [rapidsecure] [           main] o.h.c.internal.RegionFactoryInitiator    : HHH000026: Second-level cache disabled
2024-08-10T20:59:06.803-05:00 DEBUG 40026 --- [rapidsecure] [           main] org.hibernate.type.BasicTypeRegistry     : Adding type registration boolean -> org.hibernate.type.BasicTypeReference@1d289d3f
2024-08-10T20:59:06.804-05:00 DEBUG 40026 --- [rapidsecure] [           main] org.hibernate.type.BasicTypeRegistry     : Adding type registration boolean -> org.hibernate.type.BasicTypeReference@1d289d3f
2024-08-10T20:59:06.804-05:00 DEBUG 40026 --- [rapidsecure] [           main] org.hibernate.type.BasicTypeRegistry     : Adding type registration java.lang.Boolean -> org.hibernate.type.BasicTypeReference@1d289d3f
2024-08-10T20:59:06.804-05:00 DEBUG 40026 --- [rapidsecure] [           main] org.hibernate.type.BasicTypeRegistry     : Adding type registration numeric_boolean -> org.hibernate.type.BasicTypeReference@10f405ff
2024-08-10T20:59:06.805-05:00 DEBUG 40026 --- [rapidsecure] [           main] org.hibernate.type.BasicTypeRegistry     : Adding type registration org.hibernate.type.NumericBooleanConverter -> org.hibernate.type.BasicTypeReference@10f405ff
2024-08-10T20:59:06.805-05:00 DEBUG 40026 --- [rapidsecure] [           main] org.hibernate.type.BasicTypeRegistry     : Adding type registration true_false -> org.hibernate.type.BasicTypeReference@7f27f59b
2024-08-10T20:59:06.805-05:00 DEBUG 40026 --- [rapidsecure] [           main] org.hibernate.type.BasicTypeRegistry     : Adding type registration org.hibernate.type.TrueFalseConverter -> org.hibernate.type.BasicTypeReference@7f27f59b
2024-08-10T20:59:06.806-05:00 DEBUG 40026 --- [rapidsecure] [           main] org.hibernate.type.BasicTypeRegistry     : Adding type registration yes_no -> org.hibernate.type.BasicTypeReference@1c98b4eb
2024-08-10T20:59:06.806-05:00 DEBUG 40026 --- [rapidsecure] [           main] org.hibernate.type.BasicTypeRegistry     : Adding type registration org.hibernate.type.YesNoConverter -> org.hibernate.type.BasicTypeReference@1c98b4eb
2024-08-10T20:59:06.807-05:00 DEBUG 40026 --- [rapidsecure] [           main] org.hibernate.type.BasicTypeRegistry     : Adding type registration byte -> org.hibernate.type.BasicTypeReference@45801322
2024-08-10T20:59:06.807-05:00 DEBUG 40026 --- [rapidsecure] [           main] org.hibernate.type.BasicTypeRegistry     : Adding type registration byte -> org.hibernate.type.BasicTypeReference@45801322
2024-08-10T20:59:06.808-05:00 DEBUG 40026 --- [rapidsecure] [           main] org.hibernate.type.BasicTypeRegistry     : Adding type registration java.lang.Byte -> org.hibernate.type.BasicTypeReference@45801322
2024-08-10T20:59:06.808-05:00 DEBUG 40026 --- [rapidsecure] [           main] org.hibernate.type.BasicTypeRegistry     : Adding type registration binary -> org.hibernate.type.BasicTypeReference@756b2d90
2024-08-10T20:59:06.808-05:00 DEBUG 40026 --- [rapidsecure] [           main] org.hibernate.type.BasicTypeRegistry     : Adding type registration byte[] -> org.hibernate.type.BasicTypeReference@756b2d90
2024-08-10T20:59:06.809-05:00 DEBUG 40026 --- [rapidsecure] [           main] org.hibernate.type.BasicTypeRegistry     : Adding type registration [B -> org.hibernate.type.BasicTypeReference@756b2d90
2024-08-10T20:59:06.809-05:00 DEBUG 40026 --- [rapidsecure] [           main] org.hibernate.type.BasicTypeRegistry     : Adding type registration binary_wrapper -> org.hibernate.type.BasicTypeReference@3520958b
2024-08-10T20:59:06.809-05:00 DEBUG 40026 --- [rapidsecure] [           main] org.hibernate.type.BasicTypeRegistry     : Adding type registration wrapper-binary -> org.hibernate.type.BasicTypeReference@3520958b
2024-08-10T20:59:06.809-05:00 DEBUG 40026 --- [rapidsecure] [           main] org.hibernate.type.BasicTypeRegistry     : Adding type registration image -> org.hibernate.type.BasicTypeReference@6cc64028
2024-08-10T20:59:06.809-05:00 DEBUG 40026 --- [rapidsecure] [           main] org.hibernate.type.BasicTypeRegistry     : Adding type registration blob -> org.hibernate.type.BasicTypeReference@291a4791
2024-08-10T20:59:06.810-05:00 DEBUG 40026 --- [rapidsecure] [           main] org.hibernate.type.BasicTypeRegistry     : Adding type registration java.sql.Blob -> org.hibernate.type.BasicTypeReference@291a4791
2024-08-10T20:59:06.810-05:00 DEBUG 40026 --- [rapidsecure] [           main] org.hibernate.type.BasicTypeRegistry     : Adding type registration materialized_blob -> org.hibernate.type.BasicTypeReference@5b1e88f
2024-08-10T20:59:06.810-05:00 DEBUG 40026 --- [rapidsecure] [           main] org.hibernate.type.BasicTypeRegistry     : Adding type registration materialized_blob_wrapper -> org.hibernate.type.BasicTypeReference@340cb97f
2024-08-10T20:59:06.811-05:00 DEBUG 40026 --- [rapidsecure] [           main] org.hibernate.type.BasicTypeRegistry     : Adding type registration short -> org.hibernate.type.BasicTypeReference@6a1568d6
2024-08-10T20:59:06.811-05:00 DEBUG 40026 --- [rapidsecure] [           main] org.hibernate.type.BasicTypeRegistry     : Adding type registration short -> org.hibernate.type.BasicTypeReference@6a1568d6
2024-08-10T20:59:06.811-05:00 DEBUG 40026 --- [rapidsecure] [           main] org.hibernate.type.BasicTypeRegistry     : Adding type registration java.lang.Short -> org.hibernate.type.BasicTypeReference@6a1568d6
2024-08-10T20:59:06.811-05:00 DEBUG 40026 --- [rapidsecure] [           main] org.hibernate.type.BasicTypeRegistry     : Adding type registration integer -> org.hibernate.type.BasicTypeReference@11c88cca
2024-08-10T20:59:06.812-05:00 DEBUG 40026 --- [rapidsecure] [           main] org.hibernate.type.BasicTypeRegistry     : Adding type registration int -> org.hibernate.type.BasicTypeReference@11c88cca
2024-08-10T20:59:06.812-05:00 DEBUG 40026 --- [rapidsecure] [           main] org.hibernate.type.BasicTypeRegistry     : Adding type registration java.lang.Integer -> org.hibernate.type.BasicTypeReference@11c88cca
2024-08-10T20:59:06.812-05:00 DEBUG 40026 --- [rapidsecure] [           main] org.hibernate.type.BasicTypeRegistry     : Adding type registration long -> org.hibernate.type.BasicTypeReference@1b37fbec
2024-08-10T20:59:06.813-05:00 DEBUG 40026 --- [rapidsecure] [           main] org.hibernate.type.BasicTypeRegistry     : Adding type registration long -> org.hibernate.type.BasicTypeReference@1b37fbec
2024-08-10T20:59:06.813-05:00 DEBUG 40026 --- [rapidsecure] [           main] org.hibernate.type.BasicTypeRegistry     : Adding type registration java.lang.Long -> org.hibernate.type.BasicTypeReference@1b37fbec
2024-08-10T20:59:06.813-05:00 DEBUG 40026 --- [rapidsecure] [           main] org.hibernate.type.BasicTypeRegistry     : Adding type registration float -> org.hibernate.type.BasicTypeReference@4a216eb4
2024-08-10T20:59:06.813-05:00 DEBUG 40026 --- [rapidsecure] [           main] org.hibernate.type.BasicTypeRegistry     : Adding type registration float -> org.hibernate.type.BasicTypeReference@4a216eb4
2024-08-10T20:59:06.814-05:00 DEBUG 40026 --- [rapidsecure] [           main] org.hibernate.type.BasicTypeRegistry     : Adding type registration java.lang.Float -> org.hibernate.type.BasicTypeReference@4a216eb4
2024-08-10T20:59:06.814-05:00 DEBUG 40026 --- [rapidsecure] [           main] org.hibernate.type.BasicTypeRegistry     : Adding type registration double -> org.hibernate.type.BasicTypeReference@bb3ecfe
2024-08-10T20:59:06.814-05:00 DEBUG 40026 --- [rapidsecure] [           main] org.hibernate.type.BasicTypeRegistry     : Adding type registration double -> org.hibernate.type.BasicTypeReference@bb3ecfe
2024-08-10T20:59:06.814-05:00 DEBUG 40026 --- [rapidsecure] [           main] org.hibernate.type.BasicTypeRegistry     : Adding type registration java.lang.Double -> org.hibernate.type.BasicTypeReference@bb3ecfe
2024-08-10T20:59:06.814-05:00 DEBUG 40026 --- [rapidsecure] [           main] org.hibernate.type.BasicTypeRegistry     : Adding type registration big_integer -> org.hibernate.type.BasicTypeReference@5ec88f9e
2024-08-10T20:59:06.815-05:00 DEBUG 40026 --- [rapidsecure] [           main] org.hibernate.type.BasicTypeRegistry     : Adding type registration java.math.BigInteger -> org.hibernate.type.BasicTypeReference@5ec88f9e
2024-08-10T20:59:06.817-05:00 DEBUG 40026 --- [rapidsecure] [           main] org.hibernate.type.BasicTypeRegistry     : Adding type registration big_decimal -> org.hibernate.type.BasicTypeReference@7a04f730
2024-08-10T20:59:06.818-05:00 DEBUG 40026 --- [rapidsecure] [           main] org.hibernate.type.BasicTypeRegistry     : Adding type registration java.math.BigDecimal -> org.hibernate.type.BasicTypeReference@7a04f730
2024-08-10T20:59:06.819-05:00 DEBUG 40026 --- [rapidsecure] [           main] org.hibernate.type.BasicTypeRegistry     : Adding type registration character -> org.hibernate.type.BasicTypeReference@3b11620a
2024-08-10T20:59:06.819-05:00 DEBUG 40026 --- [rapidsecure] [           main] org.hibernate.type.BasicTypeRegistry     : Adding type registration char -> org.hibernate.type.BasicTypeReference@3b11620a
2024-08-10T20:59:06.819-05:00 DEBUG 40026 --- [rapidsecure] [           main] org.hibernate.type.BasicTypeRegistry     : Adding type registration java.lang.Character -> org.hibernate.type.BasicTypeReference@3b11620a
2024-08-10T20:59:06.819-05:00 DEBUG 40026 --- [rapidsecure] [           main] org.hibernate.type.BasicTypeRegistry     : Adding type registration character_nchar -> org.hibernate.type.BasicTypeReference@2fd1ad8a
2024-08-10T20:59:06.820-05:00 DEBUG 40026 --- [rapidsecure] [           main] org.hibernate.type.BasicTypeRegistry     : Adding type registration string -> org.hibernate.type.BasicTypeReference@357f6391
2024-08-10T20:59:06.820-05:00 DEBUG 40026 --- [rapidsecure] [           main] org.hibernate.type.BasicTypeRegistry     : Adding type registration java.lang.String -> org.hibernate.type.BasicTypeReference@357f6391
2024-08-10T20:59:06.821-05:00 DEBUG 40026 --- [rapidsecure] [           main] org.hibernate.type.BasicTypeRegistry     : Adding type registration nstring -> org.hibernate.type.BasicTypeReference@689faf79
2024-08-10T20:59:06.821-05:00 DEBUG 40026 --- [rapidsecure] [           main] org.hibernate.type.BasicTypeRegistry     : Adding type registration characters -> org.hibernate.type.BasicTypeReference@582e9152
2024-08-10T20:59:06.823-05:00 DEBUG 40026 --- [rapidsecure] [           main] org.hibernate.type.BasicTypeRegistry     : Adding type registration char[] -> org.hibernate.type.BasicTypeReference@582e9152
2024-08-10T20:59:06.826-05:00 DEBUG 40026 --- [rapidsecure] [           main] org.hibernate.type.BasicTypeRegistry     : Adding type registration [C -> org.hibernate.type.BasicTypeReference@582e9152
2024-08-10T20:59:06.826-05:00 DEBUG 40026 --- [rapidsecure] [           main] org.hibernate.type.BasicTypeRegistry     : Adding type registration wrapper-characters -> org.hibernate.type.BasicTypeReference@7a31ca20
2024-08-10T20:59:06.827-05:00 DEBUG 40026 --- [rapidsecure] [           main] org.hibernate.type.BasicTypeRegistry     : Adding type registration text -> org.hibernate.type.BasicTypeReference@349c4d1c
2024-08-10T20:59:06.827-05:00 DEBUG 40026 --- [rapidsecure] [           main] org.hibernate.type.BasicTypeRegistry     : Adding type registration ntext -> org.hibernate.type.BasicTypeReference@21edd891
2024-08-10T20:59:06.827-05:00 DEBUG 40026 --- [rapidsecure] [           main] org.hibernate.type.BasicTypeRegistry     : Adding type registration clob -> org.hibernate.type.BasicTypeReference@de579ff
2024-08-10T20:59:06.827-05:00 DEBUG 40026 --- [rapidsecure] [           main] org.hibernate.type.BasicTypeRegistry     : Adding type registration java.sql.Clob -> org.hibernate.type.BasicTypeReference@de579ff
2024-08-10T20:59:06.828-05:00 DEBUG 40026 --- [rapidsecure] [           main] org.hibernate.type.BasicTypeRegistry     : Adding type registration nclob -> org.hibernate.type.BasicTypeReference@7971c2a9
2024-08-10T20:59:06.828-05:00 DEBUG 40026 --- [rapidsecure] [           main] org.hibernate.type.BasicTypeRegistry     : Adding type registration java.sql.NClob -> org.hibernate.type.BasicTypeReference@7971c2a9
2024-08-10T20:59:06.828-05:00 DEBUG 40026 --- [rapidsecure] [           main] org.hibernate.type.BasicTypeRegistry     : Adding type registration materialized_clob -> org.hibernate.type.BasicTypeReference@2fd39436
2024-08-10T20:59:06.829-05:00 DEBUG 40026 --- [rapidsecure] [           main] org.hibernate.type.BasicTypeRegistry     : Adding type registration materialized_clob_char_array -> org.hibernate.type.BasicTypeReference@60b5e80d
2024-08-10T20:59:06.829-05:00 DEBUG 40026 --- [rapidsecure] [           main] org.hibernate.type.BasicTypeRegistry     : Adding type registration materialized_clob_character_array -> org.hibernate.type.BasicTypeReference@46394f65
2024-08-10T20:59:06.829-05:00 DEBUG 40026 --- [rapidsecure] [           main] org.hibernate.type.BasicTypeRegistry     : Adding type registration materialized_nclob -> org.hibernate.type.BasicTypeReference@31aab981
2024-08-10T20:59:06.830-05:00 DEBUG 40026 --- [rapidsecure] [           main] org.hibernate.type.BasicTypeRegistry     : Adding type registration materialized_nclob_character_array -> org.hibernate.type.BasicTypeReference@26be9a6
2024-08-10T20:59:06.830-05:00 DEBUG 40026 --- [rapidsecure] [           main] org.hibernate.type.BasicTypeRegistry     : Adding type registration materialized_nclob_char_array -> org.hibernate.type.BasicTypeReference@4d518c66
2024-08-10T20:59:06.830-05:00 DEBUG 40026 --- [rapidsecure] [           main] org.hibernate.type.BasicTypeRegistry     : Adding type registration Duration -> org.hibernate.type.BasicTypeReference@411fa0ce
2024-08-10T20:59:06.831-05:00 DEBUG 40026 --- [rapidsecure] [           main] org.hibernate.type.BasicTypeRegistry     : Adding type registration java.time.Duration -> org.hibernate.type.BasicTypeReference@411fa0ce
2024-08-10T20:59:06.831-05:00 DEBUG 40026 --- [rapidsecure] [           main] org.hibernate.type.BasicTypeRegistry     : Adding type registration LocalDateTime -> org.hibernate.type.BasicTypeReference@251d7fdd
2024-08-10T20:59:06.831-05:00 DEBUG 40026 --- [rapidsecure] [           main] org.hibernate.type.BasicTypeRegistry     : Adding type registration java.time.LocalDateTime -> org.hibernate.type.BasicTypeReference@251d7fdd
2024-08-10T20:59:06.831-05:00 DEBUG 40026 --- [rapidsecure] [           main] org.hibernate.type.BasicTypeRegistry     : Adding type registration LocalDate -> org.hibernate.type.BasicTypeReference@78e68401
2024-08-10T20:59:06.832-05:00 DEBUG 40026 --- [rapidsecure] [           main] org.hibernate.type.BasicTypeRegistry     : Adding type registration java.time.LocalDate -> org.hibernate.type.BasicTypeReference@78e68401
2024-08-10T20:59:06.832-05:00 DEBUG 40026 --- [rapidsecure] [           main] org.hibernate.type.BasicTypeRegistry     : Adding type registration LocalTime -> org.hibernate.type.BasicTypeReference@391515c7
2024-08-10T20:59:06.832-05:00 DEBUG 40026 --- [rapidsecure] [           main] org.hibernate.type.BasicTypeRegistry     : Adding type registration java.time.LocalTime -> org.hibernate.type.BasicTypeReference@391515c7
2024-08-10T20:59:06.832-05:00 DEBUG 40026 --- [rapidsecure] [           main] org.hibernate.type.BasicTypeRegistry     : Adding type registration OffsetDateTime -> org.hibernate.type.BasicTypeReference@5b0dbfb
2024-08-10T20:59:06.833-05:00 DEBUG 40026 --- [rapidsecure] [           main] org.hibernate.type.BasicTypeRegistry     : Adding type registration java.time.OffsetDateTime -> org.hibernate.type.BasicTypeReference@5b0dbfb
2024-08-10T20:59:06.833-05:00 DEBUG 40026 --- [rapidsecure] [           main] org.hibernate.type.BasicTypeRegistry     : Adding type registration OffsetDateTimeWithTimezone -> org.hibernate.type.BasicTypeReference@4b9dbf07
2024-08-10T20:59:06.833-05:00 DEBUG 40026 --- [rapidsecure] [           main] org.hibernate.type.BasicTypeRegistry     : Adding type registration OffsetDateTimeWithoutTimezone -> org.hibernate.type.BasicTypeReference@797fcf9
2024-08-10T20:59:06.833-05:00 DEBUG 40026 --- [rapidsecure] [           main] org.hibernate.type.BasicTypeRegistry     : Adding type registration OffsetTime -> org.hibernate.type.BasicTypeReference@16bd7ae1
2024-08-10T20:59:06.834-05:00 DEBUG 40026 --- [rapidsecure] [           main] org.hibernate.type.BasicTypeRegistry     : Adding type registration java.time.OffsetTime -> org.hibernate.type.BasicTypeReference@16bd7ae1
2024-08-10T20:59:06.838-05:00 DEBUG 40026 --- [rapidsecure] [           main] org.hibernate.type.BasicTypeRegistry     : Adding type registration OffsetTimeUtc -> org.hibernate.type.BasicTypeReference@15d114ce
2024-08-10T20:59:06.842-05:00 DEBUG 40026 --- [rapidsecure] [           main] org.hibernate.type.BasicTypeRegistry     : Adding type registration OffsetTimeWithTimezone -> org.hibernate.type.BasicTypeReference@3312f4f4
2024-08-10T20:59:06.843-05:00 DEBUG 40026 --- [rapidsecure] [           main] org.hibernate.type.BasicTypeRegistry     : Adding type registration OffsetTimeWithoutTimezone -> org.hibernate.type.BasicTypeReference@b5aa65b
2024-08-10T20:59:06.844-05:00 DEBUG 40026 --- [rapidsecure] [           main] org.hibernate.type.BasicTypeRegistry     : Adding type registration ZonedDateTime -> org.hibernate.type.BasicTypeReference@76cdafa3
2024-08-10T20:59:06.845-05:00 DEBUG 40026 --- [rapidsecure] [           main] org.hibernate.type.BasicTypeRegistry     : Adding type registration java.time.ZonedDateTime -> org.hibernate.type.BasicTypeReference@76cdafa3
2024-08-10T20:59:06.845-05:00 DEBUG 40026 --- [rapidsecure] [           main] org.hibernate.type.BasicTypeRegistry     : Adding type registration ZonedDateTimeWithTimezone -> org.hibernate.type.BasicTypeReference@6b27b2d0
2024-08-10T20:59:06.845-05:00 DEBUG 40026 --- [rapidsecure] [           main] org.hibernate.type.BasicTypeRegistry     : Adding type registration ZonedDateTimeWithoutTimezone -> org.hibernate.type.BasicTypeReference@4fb64e14
2024-08-10T20:59:06.845-05:00 DEBUG 40026 --- [rapidsecure] [           main] org.hibernate.type.BasicTypeRegistry     : Adding type registration date -> org.hibernate.type.BasicTypeReference@118041c7
2024-08-10T20:59:06.845-05:00 DEBUG 40026 --- [rapidsecure] [           main] org.hibernate.type.BasicTypeRegistry     : Adding type registration java.sql.Date -> org.hibernate.type.BasicTypeReference@118041c7
2024-08-10T20:59:06.846-05:00 DEBUG 40026 --- [rapidsecure] [           main] org.hibernate.type.BasicTypeRegistry     : Adding type registration time -> org.hibernate.type.BasicTypeReference@a2b54e3
2024-08-10T20:59:06.846-05:00 DEBUG 40026 --- [rapidsecure] [           main] org.hibernate.type.BasicTypeRegistry     : Adding type registration java.sql.Time -> org.hibernate.type.BasicTypeReference@a2b54e3
2024-08-10T20:59:06.846-05:00 DEBUG 40026 --- [rapidsecure] [           main] org.hibernate.type.BasicTypeRegistry     : Adding type registration timestamp -> org.hibernate.type.BasicTypeReference@5c4cc644
2024-08-10T20:59:06.846-05:00 DEBUG 40026 --- [rapidsecure] [           main] org.hibernate.type.BasicTypeRegistry     : Adding type registration java.sql.Timestamp -> org.hibernate.type.BasicTypeReference@5c4cc644
2024-08-10T20:59:06.846-05:00 DEBUG 40026 --- [rapidsecure] [           main] org.hibernate.type.BasicTypeRegistry     : Adding type registration java.util.Date -> org.hibernate.type.BasicTypeReference@5c4cc644
2024-08-10T20:59:06.846-05:00 DEBUG 40026 --- [rapidsecure] [           main] org.hibernate.type.BasicTypeRegistry     : Adding type registration calendar -> org.hibernate.type.BasicTypeReference@21f7e537
2024-08-10T20:59:06.846-05:00 DEBUG 40026 --- [rapidsecure] [           main] org.hibernate.type.BasicTypeRegistry     : Adding type registration java.util.Calendar -> org.hibernate.type.BasicTypeReference@21f7e537
2024-08-10T20:59:06.847-05:00 DEBUG 40026 --- [rapidsecure] [           main] org.hibernate.type.BasicTypeRegistry     : Adding type registration java.util.GregorianCalendar -> org.hibernate.type.BasicTypeReference@21f7e537
2024-08-10T20:59:06.847-05:00 DEBUG 40026 --- [rapidsecure] [           main] org.hibernate.type.BasicTypeRegistry     : Adding type registration calendar_date -> org.hibernate.type.BasicTypeReference@32ea16b7
2024-08-10T20:59:06.847-05:00 DEBUG 40026 --- [rapidsecure] [           main] org.hibernate.type.BasicTypeRegistry     : Adding type registration calendar_time -> org.hibernate.type.BasicTypeReference@62b6c045
2024-08-10T20:59:06.847-05:00 DEBUG 40026 --- [rapidsecure] [           main] org.hibernate.type.BasicTypeRegistry     : Adding type registration instant -> org.hibernate.type.BasicTypeReference@58f254b1
2024-08-10T20:59:06.847-05:00 DEBUG 40026 --- [rapidsecure] [           main] org.hibernate.type.BasicTypeRegistry     : Adding type registration java.time.Instant -> org.hibernate.type.BasicTypeReference@58f254b1
2024-08-10T20:59:06.851-05:00 DEBUG 40026 --- [rapidsecure] [           main] org.hibernate.type.BasicTypeRegistry     : Adding type registration uuid -> org.hibernate.type.BasicTypeReference@46b2dcc5
2024-08-10T20:59:06.851-05:00 DEBUG 40026 --- [rapidsecure] [           main] org.hibernate.type.BasicTypeRegistry     : Adding type registration java.util.UUID -> org.hibernate.type.BasicTypeReference@46b2dcc5
2024-08-10T20:59:06.852-05:00 DEBUG 40026 --- [rapidsecure] [           main] org.hibernate.type.BasicTypeRegistry     : Adding type registration pg-uuid -> org.hibernate.type.BasicTypeReference@46b2dcc5
2024-08-10T20:59:06.854-05:00 DEBUG 40026 --- [rapidsecure] [           main] org.hibernate.type.BasicTypeRegistry     : Adding type registration uuid-binary -> org.hibernate.type.BasicTypeReference@240f350a
2024-08-10T20:59:06.855-05:00 DEBUG 40026 --- [rapidsecure] [           main] org.hibernate.type.BasicTypeRegistry     : Adding type registration uuid-char -> org.hibernate.type.BasicTypeReference@706f6d26
2024-08-10T20:59:06.857-05:00 DEBUG 40026 --- [rapidsecure] [           main] org.hibernate.type.BasicTypeRegistry     : Adding type registration class -> org.hibernate.type.BasicTypeReference@3af2f846
2024-08-10T20:59:06.857-05:00 DEBUG 40026 --- [rapidsecure] [           main] org.hibernate.type.BasicTypeRegistry     : Adding type registration java.lang.Class -> org.hibernate.type.BasicTypeReference@3af2f846
2024-08-10T20:59:06.857-05:00 DEBUG 40026 --- [rapidsecure] [           main] org.hibernate.type.BasicTypeRegistry     : Adding type registration currency -> org.hibernate.type.BasicTypeReference@6af65f29
2024-08-10T20:59:06.857-05:00 DEBUG 40026 --- [rapidsecure] [           main] org.hibernate.type.BasicTypeRegistry     : Adding type registration Currency -> org.hibernate.type.BasicTypeReference@6af65f29
2024-08-10T20:59:06.861-05:00 DEBUG 40026 --- [rapidsecure] [           main] org.hibernate.type.BasicTypeRegistry     : Adding type registration java.util.Currency -> org.hibernate.type.BasicTypeReference@6af65f29
2024-08-10T20:59:06.861-05:00 DEBUG 40026 --- [rapidsecure] [           main] org.hibernate.type.BasicTypeRegistry     : Adding type registration locale -> org.hibernate.type.BasicTypeReference@3c81cd82
2024-08-10T20:59:06.861-05:00 DEBUG 40026 --- [rapidsecure] [           main] org.hibernate.type.BasicTypeRegistry     : Adding type registration java.util.Locale -> org.hibernate.type.BasicTypeReference@3c81cd82
2024-08-10T20:59:06.862-05:00 DEBUG 40026 --- [rapidsecure] [           main] org.hibernate.type.BasicTypeRegistry     : Adding type registration serializable -> org.hibernate.type.BasicTypeReference@111c229c
2024-08-10T20:59:06.862-05:00 DEBUG 40026 --- [rapidsecure] [           main] org.hibernate.type.BasicTypeRegistry     : Adding type registration java.io.Serializable -> org.hibernate.type.BasicTypeReference@111c229c
2024-08-10T20:59:06.862-05:00 DEBUG 40026 --- [rapidsecure] [           main] org.hibernate.type.BasicTypeRegistry     : Adding type registration timezone -> org.hibernate.type.BasicTypeReference@49cb3881
2024-08-10T20:59:06.862-05:00 DEBUG 40026 --- [rapidsecure] [           main] org.hibernate.type.BasicTypeRegistry     : Adding type registration java.util.TimeZone -> org.hibernate.type.BasicTypeReference@49cb3881
2024-08-10T20:59:06.862-05:00 DEBUG 40026 --- [rapidsecure] [           main] org.hibernate.type.BasicTypeRegistry     : Adding type registration ZoneOffset -> org.hibernate.type.BasicTypeReference@1a14fdf0
2024-08-10T20:59:06.862-05:00 DEBUG 40026 --- [rapidsecure] [           main] org.hibernate.type.BasicTypeRegistry     : Adding type registration java.time.ZoneOffset -> org.hibernate.type.BasicTypeReference@1a14fdf0
2024-08-10T20:59:06.862-05:00 DEBUG 40026 --- [rapidsecure] [           main] org.hibernate.type.BasicTypeRegistry     : Adding type registration url -> org.hibernate.type.BasicTypeReference@284bdeed
2024-08-10T20:59:06.863-05:00 DEBUG 40026 --- [rapidsecure] [           main] org.hibernate.type.BasicTypeRegistry     : Adding type registration java.net.URL -> org.hibernate.type.BasicTypeReference@284bdeed
2024-08-10T20:59:06.863-05:00 DEBUG 40026 --- [rapidsecure] [           main] org.hibernate.type.BasicTypeRegistry     : Adding type registration vector -> org.hibernate.type.BasicTypeReference@58b311ba
2024-08-10T20:59:06.863-05:00 DEBUG 40026 --- [rapidsecure] [           main] org.hibernate.type.BasicTypeRegistry     : Adding type registration row_version -> org.hibernate.type.BasicTypeReference@482c351d
2024-08-10T20:59:06.872-05:00 DEBUG 40026 --- [rapidsecure] [           main] org.hibernate.type.BasicTypeRegistry     : Adding type registration object -> org.hibernate.type.JavaObjectType@1511d157
2024-08-10T20:59:06.874-05:00 DEBUG 40026 --- [rapidsecure] [           main] org.hibernate.type.BasicTypeRegistry     : Adding type registration java.lang.Object -> org.hibernate.type.JavaObjectType@1511d157
2024-08-10T20:59:06.876-05:00 DEBUG 40026 --- [rapidsecure] [           main] org.hibernate.type.BasicTypeRegistry     : Adding type registration null -> org.hibernate.type.NullType@5a4d4f9c
2024-08-10T20:59:06.877-05:00 DEBUG 40026 --- [rapidsecure] [           main] org.hibernate.type.BasicTypeRegistry     : Adding type registration imm_date -> org.hibernate.type.BasicTypeReference@153d6d74
2024-08-10T20:59:06.877-05:00 DEBUG 40026 --- [rapidsecure] [           main] org.hibernate.type.BasicTypeRegistry     : Adding type registration imm_time -> org.hibernate.type.BasicTypeReference@6c9b44bf
2024-08-10T20:59:06.877-05:00 DEBUG 40026 --- [rapidsecure] [           main] org.hibernate.type.BasicTypeRegistry     : Adding type registration imm_timestamp -> org.hibernate.type.BasicTypeReference@299b9851
2024-08-10T20:59:06.877-05:00 DEBUG 40026 --- [rapidsecure] [           main] org.hibernate.type.BasicTypeRegistry     : Adding type registration imm_calendar -> org.hibernate.type.BasicTypeReference@191a0351
2024-08-10T20:59:06.877-05:00 DEBUG 40026 --- [rapidsecure] [           main] org.hibernate.type.BasicTypeRegistry     : Adding type registration imm_calendar_date -> org.hibernate.type.BasicTypeReference@67328bcb
2024-08-10T20:59:06.878-05:00 DEBUG 40026 --- [rapidsecure] [           main] org.hibernate.type.BasicTypeRegistry     : Adding type registration imm_calendar_time -> org.hibernate.type.BasicTypeReference@51ba952e
2024-08-10T20:59:06.878-05:00 DEBUG 40026 --- [rapidsecure] [           main] org.hibernate.type.BasicTypeRegistry     : Adding type registration imm_binary -> org.hibernate.type.BasicTypeReference@2416c658
2024-08-10T20:59:06.878-05:00 DEBUG 40026 --- [rapidsecure] [           main] org.hibernate.type.BasicTypeRegistry     : Adding type registration imm_serializable -> org.hibernate.type.BasicTypeReference@6d5f4900
2024-08-10T20:59:06.892-05:00 DEBUG 40026 --- [rapidsecure] [           main] o.h.boot.internal.BootstrapContextImpl   : Injecting JPA temp ClassLoader [org.springframework.instrument.classloading.SimpleThrowawayClassLoader@76216830] into BootstrapContext; was [null]
2024-08-10T20:59:06.892-05:00 DEBUG 40026 --- [rapidsecure] [           main] o.h.boot.internal.ClassLoaderAccessImpl  : ClassLoaderAccessImpl#injectTempClassLoader(org.springframework.instrument.classloading.SimpleThrowawayClassLoader@76216830) [was null]
2024-08-10T20:59:06.893-05:00 DEBUG 40026 --- [rapidsecure] [           main] o.h.boot.internal.BootstrapContextImpl   : Injecting ScanEnvironment [org.hibernate.jpa.boot.internal.StandardJpaScanEnvironmentImpl@57186526] into BootstrapContext; was [null]
2024-08-10T20:59:06.893-05:00 DEBUG 40026 --- [rapidsecure] [           main] o.h.boot.internal.BootstrapContextImpl   : Injecting ScanOptions [org.hibernate.boot.archive.scan.internal.StandardScanOptions@391d1e33] into BootstrapContext; was [org.hibernate.boot.archive.scan.internal.StandardScanOptions@66f16742]
2024-08-10T20:59:07.393-05:00  INFO 40026 --- [rapidsecure] [           main] o.s.o.j.p.SpringPersistenceUnitInfo      : No LoadTimeWeaver setup: ignoring JPA class transformer
2024-08-10T20:59:07.394-05:00 DEBUG 40026 --- [rapidsecure] [           main] o.h.boot.internal.BootstrapContextImpl   : Injecting JPA temp ClassLoader [null] into BootstrapContext; was [org.springframework.instrument.classloading.SimpleThrowawayClassLoader@76216830]
2024-08-10T20:59:07.394-05:00 DEBUG 40026 --- [rapidsecure] [           main] o.h.boot.internal.ClassLoaderAccessImpl  : ClassLoaderAccessImpl#injectTempClassLoader(null) [was org.springframework.instrument.classloading.SimpleThrowawayClassLoader@76216830]
2024-08-10T20:59:07.455-05:00  INFO 40026 --- [rapidsecure] [           main] com.zaxxer.hikari.HikariDataSource       : HikariPool-1 - Starting...
2024-08-10T20:59:10.234-05:00  INFO 40026 --- [rapidsecure] [           main] com.zaxxer.hikari.pool.HikariPool        : HikariPool-1 - Added connection org.postgresql.jdbc.PgConnection@7956f93a
2024-08-10T20:59:10.236-05:00  INFO 40026 --- [rapidsecure] [           main] com.zaxxer.hikari.HikariDataSource       : HikariPool-1 - Start completed.
2024-08-10T20:59:10.248-05:00 DEBUG 40026 --- [rapidsecure] [           main] o.h.e.j.e.i.JdbcEnvironmentInitiator     : Database ->
	   name : PostgreSQL
	version : 16.4 (Debian 16.4-1.pgdg120+1)
	  major : 16
	  minor : 4
2024-08-10T20:59:10.248-05:00 DEBUG 40026 --- [rapidsecure] [           main] o.h.e.j.e.i.JdbcEnvironmentInitiator     : Driver ->
	   name : PostgreSQL JDBC Driver
	version : 42.7.3
	  major : 42
	  minor : 7
2024-08-10T20:59:10.249-05:00 DEBUG 40026 --- [rapidsecure] [           main] o.h.e.j.e.i.JdbcEnvironmentInitiator     : JDBC version : 4.2
2024-08-10T20:59:10.470-05:00  WARN 40026 --- [rapidsecure] [           main] org.hibernate.orm.deprecation            : HHH90000025: PostgreSQLDialect does not need to be specified explicitly using 'hibernate.dialect' (remove the property setting and it will be selected by default)
2024-08-10T20:59:10.472-05:00 DEBUG 40026 --- [rapidsecure] [           main] org.hibernate.orm.dialect                : HHH035001: Using dialect: org.hibernate.dialect.PostgreSQLDialect, version: 16.4
2024-08-10T20:59:10.482-05:00 DEBUG 40026 --- [rapidsecure] [           main] o.h.e.j.env.spi.IdentifierHelperBuilder  : JDBC driver metadata reported database stores quoted identifiers in neither upper, lower nor mixed case
2024-08-10T20:59:11.045-05:00 DEBUG 40026 --- [rapidsecure] [           main] org.hibernate.orm.jdbc.lob               : HHH10010004: Disabling contextual LOB creation as Dialect reported it is not supported
2024-08-10T20:59:11.060-05:00 DEBUG 40026 --- [rapidsecure] [           main] o.h.t.d.sql.spi.DdlTypeRegistry          : addDescriptor(2003, org.hibernate.type.descriptor.sql.internal.ArrayDdlTypeImpl@37bda983) replaced previous registration(org.hibernate.type.descriptor.sql.internal.ArrayDdlTypeImpl@284d4885)
2024-08-10T20:59:11.060-05:00 DEBUG 40026 --- [rapidsecure] [           main] o.h.t.d.sql.spi.DdlTypeRegistry          : addDescriptor(6, org.hibernate.type.descriptor.sql.internal.CapacityDependentDdlType@1201e064) replaced previous registration(org.hibernate.type.descriptor.sql.internal.DdlTypeImpl@a69f9d)
2024-08-10T20:59:11.062-05:00 DEBUG 40026 --- [rapidsecure] [           main] o.h.t.d.jdbc.spi.JdbcTypeRegistry        : addDescriptor(2004, BlobTypeDescriptor(BLOB_BINDING)) replaced previous registration(BlobTypeDescriptor(DEFAULT))
2024-08-10T20:59:11.063-05:00 DEBUG 40026 --- [rapidsecure] [           main] o.h.t.d.jdbc.spi.JdbcTypeRegistry        : addDescriptor(2005, ClobTypeDescriptor(CLOB_BINDING)) replaced previous registration(ClobTypeDescriptor(DEFAULT))
2024-08-10T20:59:11.072-05:00 DEBUG 40026 --- [rapidsecure] [           main] org.hibernate.type.BasicTypeRegistry     : Adding type registration JAVA_OBJECT -> org.hibernate.type.JavaObjectType@40b31a16
2024-08-10T20:59:11.072-05:00 DEBUG 40026 --- [rapidsecure] [           main] org.hibernate.type.BasicTypeRegistry     : Adding type registration java.lang.Object -> org.hibernate.type.JavaObjectType@40b31a16
2024-08-10T20:59:11.072-05:00 DEBUG 40026 --- [rapidsecure] [           main] org.hibernate.type.BasicTypeRegistry     : Type registration key [java.lang.Object] overrode previous entry : `org.hibernate.type.JavaObjectType@1511d157`
2024-08-10T20:59:11.076-05:00 DEBUG 40026 --- [rapidsecure] [           main] org.hibernate.type.BasicTypeRegistry     : Adding type registration org.hibernate.type.DurationType -> basicType@1(java.time.Duration,3015)
2024-08-10T20:59:11.076-05:00 DEBUG 40026 --- [rapidsecure] [           main] org.hibernate.type.BasicTypeRegistry     : Adding type registration Duration -> basicType@1(java.time.Duration,3015)
2024-08-10T20:59:11.076-05:00 DEBUG 40026 --- [rapidsecure] [           main] org.hibernate.type.BasicTypeRegistry     : Adding type registration java.time.Duration -> basicType@1(java.time.Duration,3015)
2024-08-10T20:59:11.079-05:00 DEBUG 40026 --- [rapidsecure] [           main] org.hibernate.type.BasicTypeRegistry     : Adding type registration org.hibernate.type.OffsetDateTimeType -> basicType@2(java.time.OffsetDateTime,3003)
2024-08-10T20:59:11.079-05:00 DEBUG 40026 --- [rapidsecure] [           main] org.hibernate.type.BasicTypeRegistry     : Adding type registration OffsetDateTime -> basicType@2(java.time.OffsetDateTime,3003)
2024-08-10T20:59:11.079-05:00 DEBUG 40026 --- [rapidsecure] [           main] org.hibernate.type.BasicTypeRegistry     : Adding type registration java.time.OffsetDateTime -> basicType@2(java.time.OffsetDateTime,3003)
2024-08-10T20:59:11.080-05:00 DEBUG 40026 --- [rapidsecure] [           main] org.hibernate.type.BasicTypeRegistry     : Adding type registration org.hibernate.type.ZonedDateTimeType -> basicType@3(java.time.ZonedDateTime,3003)
2024-08-10T20:59:11.080-05:00 DEBUG 40026 --- [rapidsecure] [           main] org.hibernate.type.BasicTypeRegistry     : Adding type registration ZonedDateTime -> basicType@3(java.time.ZonedDateTime,3003)
2024-08-10T20:59:11.080-05:00 DEBUG 40026 --- [rapidsecure] [           main] org.hibernate.type.BasicTypeRegistry     : Adding type registration java.time.ZonedDateTime -> basicType@3(java.time.ZonedDateTime,3003)
2024-08-10T20:59:11.081-05:00 DEBUG 40026 --- [rapidsecure] [           main] org.hibernate.type.BasicTypeRegistry     : Adding type registration org.hibernate.type.OffsetTimeType -> basicType@4(java.time.OffsetTime,3007)
2024-08-10T20:59:11.081-05:00 DEBUG 40026 --- [rapidsecure] [           main] org.hibernate.type.BasicTypeRegistry     : Adding type registration OffsetTime -> basicType@4(java.time.OffsetTime,3007)
2024-08-10T20:59:11.082-05:00 DEBUG 40026 --- [rapidsecure] [           main] org.hibernate.type.BasicTypeRegistry     : Adding type registration java.time.OffsetTime -> basicType@4(java.time.OffsetTime,3007)
2024-08-10T20:59:11.083-05:00 DEBUG 40026 --- [rapidsecure] [           main] o.h.type.spi.TypeConfiguration$Scope     : Scoping TypeConfiguration [org.hibernate.type.spi.TypeConfiguration@32a033b6] to MetadataBuildingContext [org.hibernate.boot.internal.MetadataBuildingContextRootImpl@5f6e2ad9]
2024-08-10T20:59:11.112-05:00 DEBUG 40026 --- [rapidsecure] [           main] o.h.boot.model.relational.Namespace      : Created database namespace [logicalName=Name{catalog=null, schema=null}, physicalName=Name{catalog=null, schema=null}]
2024-08-10T20:59:11.156-05:00 DEBUG 40026 --- [rapidsecure] [           main] o.h.boot.model.internal.EntityBinder     : Binding entity from annotated class: com.rapidsecure.rapidsecure.entity.Estado
2024-08-10T20:59:11.169-05:00 DEBUG 40026 --- [rapidsecure] [           main] o.h.boot.model.internal.EntityBinder     : Import with entity name Estado
2024-08-10T20:59:11.177-05:00 DEBUG 40026 --- [rapidsecure] [           main] o.h.boot.model.internal.EntityBinder     : Bind entity com.rapidsecure.rapidsecure.entity.Estado on table estado
2024-08-10T20:59:11.187-05:00 DEBUG 40026 --- [rapidsecure] [           main] o.h.boot.model.internal.AnnotatedColumn  : Binding column: AnnotatedDiscriminatorColumn(column='DTYPE')
2024-08-10T20:59:11.204-05:00 DEBUG 40026 --- [rapidsecure] [           main] o.h.boot.model.internal.AnnotatedColumn  : Binding column: AnnotatedColumn()
2024-08-10T20:59:11.205-05:00 DEBUG 40026 --- [rapidsecure] [           main] o.h.boot.internal.ClassLoaderAccessImpl  : Not known whether passed class name [com.rapidsecure.rapidsecure.entity.Estado] is safe
2024-08-10T20:59:11.205-05:00 DEBUG 40026 --- [rapidsecure] [           main] o.h.boot.internal.ClassLoaderAccessImpl  : No temp ClassLoader provided; using live ClassLoader for loading potentially unsafe class : com.rapidsecure.rapidsecure.entity.Estado
2024-08-10T20:59:11.209-05:00 DEBUG 40026 --- [rapidsecure] [           main] o.h.boot.model.internal.PropertyBinder   : MetadataSourceProcessor property id with lazy=false
2024-08-10T20:59:11.214-05:00 DEBUG 40026 --- [rapidsecure] [           main] o.h.b.m.internal.AbstractPropertyHolder  : Attempting to locate auto-apply AttributeConverter for property [com.rapidsecure.rapidsecure.entity.Estado:id]
2024-08-10T20:59:11.218-05:00 DEBUG 40026 --- [rapidsecure] [           main] o.h.b.model.internal.BasicValueBinder    : building BasicValue for id
2024-08-10T20:59:11.220-05:00 DEBUG 40026 --- [rapidsecure] [           main] org.hibernate.mapping.BasicValue         : Skipping column re-registration: estado.id
2024-08-10T20:59:11.221-05:00 DEBUG 40026 --- [rapidsecure] [           main] o.h.boot.model.internal.PropertyBinder   : Building property id
2024-08-10T20:59:11.224-05:00 DEBUG 40026 --- [rapidsecure] [           main] o.h.boot.model.internal.BinderHelper     : #makeIdGenerator(BasicValue([Column(id)]), id, identity, , ...)
2024-08-10T20:59:11.226-05:00 DEBUG 40026 --- [rapidsecure] [           main] o.h.boot.model.internal.AnnotatedColumn  : Binding column: AnnotatedColumn()
2024-08-10T20:59:11.226-05:00 DEBUG 40026 --- [rapidsecure] [           main] o.h.boot.model.internal.PropertyBinder   : MetadataSourceProcessor property nombre with lazy=false
2024-08-10T20:59:11.226-05:00 DEBUG 40026 --- [rapidsecure] [           main] o.h.b.m.internal.AbstractPropertyHolder  : Attempting to locate auto-apply AttributeConverter for property [com.rapidsecure.rapidsecure.entity.Estado:nombre]
2024-08-10T20:59:11.227-05:00 DEBUG 40026 --- [rapidsecure] [           main] o.h.b.model.internal.BasicValueBinder    : building BasicValue for nombre
2024-08-10T20:59:11.227-05:00 DEBUG 40026 --- [rapidsecure] [           main] org.hibernate.mapping.BasicValue         : Skipping column re-registration: estado.nombre
2024-08-10T20:59:11.227-05:00 DEBUG 40026 --- [rapidsecure] [           main] o.h.boot.model.internal.PropertyBinder   : Building property nombre
2024-08-10T20:59:11.230-05:00 DEBUG 40026 --- [rapidsecure] [           main] o.h.b.r.c.i.ClassLoaderServiceImpl       : HHH000194: Package not found or no package-info.java: com.rapidsecure.rapidsecure.entity
2024-08-10T20:59:11.235-05:00 DEBUG 40026 --- [rapidsecure] [           main] o.h.boot.model.internal.EntityBinder     : Binding entity from annotated class: com.rapidsecure.rapidsecure.entity.Persona
2024-08-10T20:59:11.235-05:00 DEBUG 40026 --- [rapidsecure] [           main] o.h.boot.model.internal.EntityBinder     : Import with entity name Persona
2024-08-10T20:59:11.235-05:00 DEBUG 40026 --- [rapidsecure] [           main] o.h.boot.model.internal.EntityBinder     : Bind entity com.rapidsecure.rapidsecure.entity.Persona on table persona
2024-08-10T20:59:11.235-05:00 DEBUG 40026 --- [rapidsecure] [           main] o.h.boot.model.internal.AnnotatedColumn  : Binding column: AnnotatedDiscriminatorColumn(column='DTYPE')
2024-08-10T20:59:11.243-05:00 DEBUG 40026 --- [rapidsecure] [           main] o.h.boot.model.internal.AnnotatedColumn  : Binding column: AnnotatedColumn()
2024-08-10T20:59:11.243-05:00 DEBUG 40026 --- [rapidsecure] [           main] o.h.boot.internal.ClassLoaderAccessImpl  : Not known whether passed class name [com.rapidsecure.rapidsecure.entity.Persona] is safe
2024-08-10T20:59:11.243-05:00 DEBUG 40026 --- [rapidsecure] [           main] o.h.boot.internal.ClassLoaderAccessImpl  : No temp ClassLoader provided; using live ClassLoader for loading potentially unsafe class : com.rapidsecure.rapidsecure.entity.Persona
2024-08-10T20:59:11.243-05:00 DEBUG 40026 --- [rapidsecure] [           main] o.h.boot.model.internal.PropertyBinder   : MetadataSourceProcessor property id with lazy=false
2024-08-10T20:59:11.243-05:00 DEBUG 40026 --- [rapidsecure] [           main] o.h.b.m.internal.AbstractPropertyHolder  : Attempting to locate auto-apply AttributeConverter for property [com.rapidsecure.rapidsecure.entity.Persona:id]
2024-08-10T20:59:11.244-05:00 DEBUG 40026 --- [rapidsecure] [           main] o.h.b.model.internal.BasicValueBinder    : building BasicValue for id
2024-08-10T20:59:11.244-05:00 DEBUG 40026 --- [rapidsecure] [           main] org.hibernate.mapping.BasicValue         : Skipping column re-registration: persona.id
2024-08-10T20:59:11.244-05:00 DEBUG 40026 --- [rapidsecure] [           main] o.h.boot.model.internal.PropertyBinder   : Building property id
2024-08-10T20:59:11.244-05:00 DEBUG 40026 --- [rapidsecure] [           main] o.h.boot.model.internal.BinderHelper     : #makeIdGenerator(BasicValue([Column(id)]), id, identity, , ...)
2024-08-10T20:59:11.245-05:00 DEBUG 40026 --- [rapidsecure] [           main] o.h.boot.model.internal.AnnotatedColumn  : Binding column: AnnotatedColumn()
2024-08-10T20:59:11.245-05:00 DEBUG 40026 --- [rapidsecure] [           main] o.h.boot.model.internal.PropertyBinder   : MetadataSourceProcessor property cedula with lazy=false
2024-08-10T20:59:11.245-05:00 DEBUG 40026 --- [rapidsecure] [           main] o.h.b.m.internal.AbstractPropertyHolder  : Attempting to locate auto-apply AttributeConverter for property [com.rapidsecure.rapidsecure.entity.Persona:cedula]
2024-08-10T20:59:11.245-05:00 DEBUG 40026 --- [rapidsecure] [           main] o.h.b.model.internal.BasicValueBinder    : building BasicValue for cedula
2024-08-10T20:59:11.245-05:00 DEBUG 40026 --- [rapidsecure] [           main] org.hibernate.mapping.BasicValue         : Skipping column re-registration: persona.cedula
2024-08-10T20:59:11.246-05:00 DEBUG 40026 --- [rapidsecure] [           main] o.h.boot.model.internal.PropertyBinder   : Building property cedula
2024-08-10T20:59:11.246-05:00 DEBUG 40026 --- [rapidsecure] [           main] o.h.boot.model.internal.AnnotatedColumn  : Binding column: AnnotatedColumn()
2024-08-10T20:59:11.246-05:00 DEBUG 40026 --- [rapidsecure] [           main] o.h.boot.model.internal.PropertyBinder   : MetadataSourceProcessor property correo with lazy=false
2024-08-10T20:59:11.246-05:00 DEBUG 40026 --- [rapidsecure] [           main] o.h.b.m.internal.AbstractPropertyHolder  : Attempting to locate auto-apply AttributeConverter for property [com.rapidsecure.rapidsecure.entity.Persona:correo]
2024-08-10T20:59:11.247-05:00 DEBUG 40026 --- [rapidsecure] [           main] o.h.b.model.internal.BasicValueBinder    : building BasicValue for correo
2024-08-10T20:59:11.247-05:00 DEBUG 40026 --- [rapidsecure] [           main] org.hibernate.mapping.BasicValue         : Skipping column re-registration: persona.correo
2024-08-10T20:59:11.247-05:00 DEBUG 40026 --- [rapidsecure] [           main] o.h.boot.model.internal.PropertyBinder   : Building property correo
2024-08-10T20:59:11.248-05:00 DEBUG 40026 --- [rapidsecure] [           main] o.h.boot.model.internal.AnnotatedColumn  : Binding column: AnnotatedColumn()
2024-08-10T20:59:11.248-05:00 DEBUG 40026 --- [rapidsecure] [           main] o.h.boot.model.internal.PropertyBinder   : MetadataSourceProcessor property nombre with lazy=false
2024-08-10T20:59:11.249-05:00 DEBUG 40026 --- [rapidsecure] [           main] o.h.b.m.internal.AbstractPropertyHolder  : Attempting to locate auto-apply AttributeConverter for property [com.rapidsecure.rapidsecure.entity.Persona:nombre]
2024-08-10T20:59:11.249-05:00 DEBUG 40026 --- [rapidsecure] [           main] o.h.b.model.internal.BasicValueBinder    : building BasicValue for nombre
2024-08-10T20:59:11.249-05:00 DEBUG 40026 --- [rapidsecure] [           main] org.hibernate.mapping.BasicValue         : Skipping column re-registration: persona.nombre
2024-08-10T20:59:11.249-05:00 DEBUG 40026 --- [rapidsecure] [           main] o.h.boot.model.internal.PropertyBinder   : Building property nombre
2024-08-10T20:59:11.250-05:00 DEBUG 40026 --- [rapidsecure] [           main] o.h.boot.model.internal.AnnotatedColumn  : Binding column: AnnotatedColumn()
2024-08-10T20:59:11.250-05:00 DEBUG 40026 --- [rapidsecure] [           main] o.h.boot.model.internal.PropertyBinder   : MetadataSourceProcessor property password with lazy=false
2024-08-10T20:59:11.250-05:00 DEBUG 40026 --- [rapidsecure] [           main] o.h.b.m.internal.AbstractPropertyHolder  : Attempting to locate auto-apply AttributeConverter for property [com.rapidsecure.rapidsecure.entity.Persona:password]
2024-08-10T20:59:11.250-05:00 DEBUG 40026 --- [rapidsecure] [           main] o.h.b.model.internal.BasicValueBinder    : building BasicValue for password
2024-08-10T20:59:11.250-05:00 DEBUG 40026 --- [rapidsecure] [           main] org.hibernate.mapping.BasicValue         : Skipping column re-registration: persona.password
2024-08-10T20:59:11.251-05:00 DEBUG 40026 --- [rapidsecure] [           main] o.h.boot.model.internal.PropertyBinder   : Building property password
2024-08-10T20:59:11.253-05:00 DEBUG 40026 --- [rapidsecure] [           main] o.h.boot.model.internal.AnnotatedColumn  : Binding column: AnnotatedJoinColumn(column='rol_id')
2024-08-10T20:59:11.254-05:00 DEBUG 40026 --- [rapidsecure] [           main] o.h.boot.model.internal.AnnotatedColumn  : Binding column: AnnotatedColumn()
2024-08-10T20:59:11.259-05:00 DEBUG 40026 --- [rapidsecure] [           main] o.h.boot.model.internal.PropertyBinder   : Building property rol
2024-08-10T20:59:11.260-05:00 DEBUG 40026 --- [rapidsecure] [           main] o.h.boot.model.internal.AnnotatedColumn  : Binding column: AnnotatedColumn()
2024-08-10T20:59:11.260-05:00 DEBUG 40026 --- [rapidsecure] [           main] o.h.boot.model.internal.PropertyBinder   : MetadataSourceProcessor property telefono with lazy=false
2024-08-10T20:59:11.260-05:00 DEBUG 40026 --- [rapidsecure] [           main] o.h.b.m.internal.AbstractPropertyHolder  : Attempting to locate auto-apply AttributeConverter for property [com.rapidsecure.rapidsecure.entity.Persona:telefono]
2024-08-10T20:59:11.260-05:00 DEBUG 40026 --- [rapidsecure] [           main] o.h.b.model.internal.BasicValueBinder    : building BasicValue for telefono
2024-08-10T20:59:11.261-05:00 DEBUG 40026 --- [rapidsecure] [           main] org.hibernate.mapping.BasicValue         : Skipping column re-registration: persona.telefono
2024-08-10T20:59:11.261-05:00 DEBUG 40026 --- [rapidsecure] [           main] o.h.boot.model.internal.PropertyBinder   : Building property telefono
2024-08-10T20:59:11.262-05:00 DEBUG 40026 --- [rapidsecure] [           main] o.h.b.r.c.i.ClassLoaderServiceImpl       : HHH000194: Package not found or no package-info.java: com.rapidsecure.rapidsecure.entity
2024-08-10T20:59:11.263-05:00 DEBUG 40026 --- [rapidsecure] [           main] o.h.boot.model.internal.EntityBinder     : Binding entity from annotated class: com.rapidsecure.rapidsecure.entity.ReporteEmergencia
2024-08-10T20:59:11.263-05:00 DEBUG 40026 --- [rapidsecure] [           main] o.h.boot.model.internal.EntityBinder     : Import with entity name ReporteEmergencia
2024-08-10T20:59:11.264-05:00 DEBUG 40026 --- [rapidsecure] [           main] o.h.boot.model.internal.EntityBinder     : Bind entity com.rapidsecure.rapidsecure.entity.ReporteEmergencia on table reporte_emergencia
2024-08-10T20:59:11.265-05:00 DEBUG 40026 --- [rapidsecure] [           main] o.h.boot.model.internal.AnnotatedColumn  : Binding column: AnnotatedDiscriminatorColumn(column='DTYPE')
2024-08-10T20:59:11.268-05:00 DEBUG 40026 --- [rapidsecure] [           main] o.h.boot.model.internal.AnnotatedColumn  : Binding column: AnnotatedColumn()
2024-08-10T20:59:11.268-05:00 DEBUG 40026 --- [rapidsecure] [           main] o.h.boot.internal.ClassLoaderAccessImpl  : Not known whether passed class name [com.rapidsecure.rapidsecure.entity.ReporteEmergencia] is safe
2024-08-10T20:59:11.268-05:00 DEBUG 40026 --- [rapidsecure] [           main] o.h.boot.internal.ClassLoaderAccessImpl  : No temp ClassLoader provided; using live ClassLoader for loading potentially unsafe class : com.rapidsecure.rapidsecure.entity.ReporteEmergencia
2024-08-10T20:59:11.268-05:00 DEBUG 40026 --- [rapidsecure] [           main] o.h.boot.model.internal.PropertyBinder   : MetadataSourceProcessor property id with lazy=false
2024-08-10T20:59:11.268-05:00 DEBUG 40026 --- [rapidsecure] [           main] o.h.b.m.internal.AbstractPropertyHolder  : Attempting to locate auto-apply AttributeConverter for property [com.rapidsecure.rapidsecure.entity.ReporteEmergencia:id]
2024-08-10T20:59:11.269-05:00 DEBUG 40026 --- [rapidsecure] [           main] o.h.b.model.internal.BasicValueBinder    : building BasicValue for id
2024-08-10T20:59:11.269-05:00 DEBUG 40026 --- [rapidsecure] [           main] org.hibernate.mapping.BasicValue         : Skipping column re-registration: reporte_emergencia.id
2024-08-10T20:59:11.269-05:00 DEBUG 40026 --- [rapidsecure] [           main] o.h.boot.model.internal.PropertyBinder   : Building property id
2024-08-10T20:59:11.269-05:00 DEBUG 40026 --- [rapidsecure] [           main] o.h.boot.model.internal.BinderHelper     : #makeIdGenerator(BasicValue([Column(id)]), id, identity, , ...)
2024-08-10T20:59:11.270-05:00 DEBUG 40026 --- [rapidsecure] [           main] o.h.boot.model.internal.AnnotatedColumn  : Binding column: AnnotatedColumn()
2024-08-10T20:59:11.270-05:00 DEBUG 40026 --- [rapidsecure] [           main] o.h.boot.model.internal.PropertyBinder   : MetadataSourceProcessor property descripcion with lazy=false
2024-08-10T20:59:11.271-05:00 DEBUG 40026 --- [rapidsecure] [           main] o.h.b.m.internal.AbstractPropertyHolder  : Attempting to locate auto-apply AttributeConverter for property [com.rapidsecure.rapidsecure.entity.ReporteEmergencia:descripcion]
2024-08-10T20:59:11.271-05:00 DEBUG 40026 --- [rapidsecure] [           main] o.h.b.model.internal.BasicValueBinder    : building BasicValue for descripcion
2024-08-10T20:59:11.271-05:00 DEBUG 40026 --- [rapidsecure] [           main] org.hibernate.mapping.BasicValue         : Skipping column re-registration: reporte_emergencia.descripcion
2024-08-10T20:59:11.271-05:00 DEBUG 40026 --- [rapidsecure] [           main] o.h.boot.model.internal.PropertyBinder   : Building property descripcion
2024-08-10T20:59:11.272-05:00 DEBUG 40026 --- [rapidsecure] [           main] o.h.boot.model.internal.AnnotatedColumn  : Binding column: AnnotatedJoinColumn(column='estado_id')
2024-08-10T20:59:11.272-05:00 DEBUG 40026 --- [rapidsecure] [           main] o.h.boot.model.internal.AnnotatedColumn  : Binding column: AnnotatedColumn()
2024-08-10T20:59:11.272-05:00 DEBUG 40026 --- [rapidsecure] [           main] o.h.boot.model.internal.PropertyBinder   : Building property estado
2024-08-10T20:59:11.273-05:00 DEBUG 40026 --- [rapidsecure] [           main] o.h.boot.model.internal.AnnotatedColumn  : Binding column: AnnotatedColumn()
2024-08-10T20:59:11.273-05:00 DEBUG 40026 --- [rapidsecure] [           main] o.h.boot.model.internal.PropertyBinder   : MetadataSourceProcessor property fechaHoraReporte with lazy=false
2024-08-10T20:59:11.273-05:00 DEBUG 40026 --- [rapidsecure] [           main] o.h.b.m.internal.AbstractPropertyHolder  : Attempting to locate auto-apply AttributeConverter for property [com.rapidsecure.rapidsecure.entity.ReporteEmergencia:fechaHoraReporte]
2024-08-10T20:59:11.273-05:00 DEBUG 40026 --- [rapidsecure] [           main] o.h.b.model.internal.BasicValueBinder    : building BasicValue for fechaHoraReporte
2024-08-10T20:59:11.273-05:00 DEBUG 40026 --- [rapidsecure] [           main] org.hibernate.mapping.BasicValue         : Skipping column re-registration: reporte_emergencia.fecha_hora_reporte
2024-08-10T20:59:11.274-05:00 DEBUG 40026 --- [rapidsecure] [           main] o.h.boot.model.internal.PropertyBinder   : Building property fechaHoraReporte
2024-08-10T20:59:11.274-05:00 DEBUG 40026 --- [rapidsecure] [           main] o.h.boot.model.internal.AnnotatedColumn  : Binding column: AnnotatedColumn()
2024-08-10T20:59:11.274-05:00 DEBUG 40026 --- [rapidsecure] [           main] o.h.boot.model.internal.PropertyBinder   : MetadataSourceProcessor property latitud with lazy=false
2024-08-10T20:59:11.274-05:00 DEBUG 40026 --- [rapidsecure] [           main] o.h.b.m.internal.AbstractPropertyHolder  : Attempting to locate auto-apply AttributeConverter for property [com.rapidsecure.rapidsecure.entity.ReporteEmergencia:latitud]
2024-08-10T20:59:11.275-05:00 DEBUG 40026 --- [rapidsecure] [           main] o.h.b.model.internal.BasicValueBinder    : building BasicValue for latitud
2024-08-10T20:59:11.275-05:00 DEBUG 40026 --- [rapidsecure] [           main] org.hibernate.mapping.BasicValue         : Skipping column re-registration: reporte_emergencia.latitud
2024-08-10T20:59:11.275-05:00 DEBUG 40026 --- [rapidsecure] [           main] o.h.boot.model.internal.PropertyBinder   : Building property latitud
2024-08-10T20:59:11.275-05:00 DEBUG 40026 --- [rapidsecure] [           main] o.h.boot.model.internal.AnnotatedColumn  : Binding column: AnnotatedColumn()
2024-08-10T20:59:11.275-05:00 DEBUG 40026 --- [rapidsecure] [           main] o.h.boot.model.internal.PropertyBinder   : MetadataSourceProcessor property longitud with lazy=false
2024-08-10T20:59:11.275-05:00 DEBUG 40026 --- [rapidsecure] [           main] o.h.b.m.internal.AbstractPropertyHolder  : Attempting to locate auto-apply AttributeConverter for property [com.rapidsecure.rapidsecure.entity.ReporteEmergencia:longitud]
2024-08-10T20:59:11.275-05:00 DEBUG 40026 --- [rapidsecure] [           main] o.h.b.model.internal.BasicValueBinder    : building BasicValue for longitud
2024-08-10T20:59:11.275-05:00 DEBUG 40026 --- [rapidsecure] [           main] org.hibernate.mapping.BasicValue         : Skipping column re-registration: reporte_emergencia.longitud
2024-08-10T20:59:11.276-05:00 DEBUG 40026 --- [rapidsecure] [           main] o.h.boot.model.internal.PropertyBinder   : Building property longitud
2024-08-10T20:59:11.276-05:00 DEBUG 40026 --- [rapidsecure] [           main] o.h.boot.model.internal.AnnotatedColumn  : Binding column: AnnotatedJoinColumn(column='persona_id')
2024-08-10T20:59:11.276-05:00 DEBUG 40026 --- [rapidsecure] [           main] o.h.boot.model.internal.AnnotatedColumn  : Binding column: AnnotatedColumn()
2024-08-10T20:59:11.276-05:00 DEBUG 40026 --- [rapidsecure] [           main] o.h.boot.model.internal.PropertyBinder   : Building property persona
2024-08-10T20:59:11.277-05:00 DEBUG 40026 --- [rapidsecure] [           main] o.h.boot.model.internal.AnnotatedColumn  : Binding column: AnnotatedJoinColumn(column='tipo_emergencia_id')
2024-08-10T20:59:11.277-05:00 DEBUG 40026 --- [rapidsecure] [           main] o.h.boot.model.internal.AnnotatedColumn  : Binding column: AnnotatedColumn()
2024-08-10T20:59:11.277-05:00 DEBUG 40026 --- [rapidsecure] [           main] o.h.boot.model.internal.PropertyBinder   : Building property tipoEmergencia
2024-08-10T20:59:11.278-05:00 DEBUG 40026 --- [rapidsecure] [           main] o.h.boot.model.internal.AnnotatedColumn  : Binding column: AnnotatedColumn()
2024-08-10T20:59:11.278-05:00 DEBUG 40026 --- [rapidsecure] [           main] o.h.boot.model.internal.PropertyBinder   : MetadataSourceProcessor property ubicacion with lazy=false
2024-08-10T20:59:11.278-05:00 DEBUG 40026 --- [rapidsecure] [           main] o.h.b.m.internal.AbstractPropertyHolder  : Attempting to locate auto-apply AttributeConverter for property [com.rapidsecure.rapidsecure.entity.ReporteEmergencia:ubicacion]
2024-08-10T20:59:11.279-05:00 DEBUG 40026 --- [rapidsecure] [           main] o.h.b.model.internal.BasicValueBinder    : building BasicValue for ubicacion
2024-08-10T20:59:11.279-05:00 DEBUG 40026 --- [rapidsecure] [           main] org.hibernate.mapping.BasicValue         : Skipping column re-registration: reporte_emergencia.ubicacion
2024-08-10T20:59:11.279-05:00 DEBUG 40026 --- [rapidsecure] [           main] o.h.boot.model.internal.PropertyBinder   : Building property ubicacion
2024-08-10T20:59:11.280-05:00 DEBUG 40026 --- [rapidsecure] [           main] o.h.b.r.c.i.ClassLoaderServiceImpl       : HHH000194: Package not found or no package-info.java: com.rapidsecure.rapidsecure.entity
2024-08-10T20:59:11.282-05:00 DEBUG 40026 --- [rapidsecure] [           main] o.h.boot.model.internal.EntityBinder     : Binding entity from annotated class: com.rapidsecure.rapidsecure.entity.Rol
2024-08-10T20:59:11.282-05:00 DEBUG 40026 --- [rapidsecure] [           main] o.h.boot.model.internal.EntityBinder     : Import with entity name Rol
2024-08-10T20:59:11.282-05:00 DEBUG 40026 --- [rapidsecure] [           main] o.h.boot.model.internal.EntityBinder     : Bind entity com.rapidsecure.rapidsecure.entity.Rol on table rol
2024-08-10T20:59:11.283-05:00 DEBUG 40026 --- [rapidsecure] [           main] o.h.boot.model.internal.AnnotatedColumn  : Binding column: AnnotatedDiscriminatorColumn(column='DTYPE')
2024-08-10T20:59:11.284-05:00 DEBUG 40026 --- [rapidsecure] [           main] o.h.boot.model.internal.AnnotatedColumn  : Binding column: AnnotatedColumn()
2024-08-10T20:59:11.284-05:00 DEBUG 40026 --- [rapidsecure] [           main] o.h.boot.internal.ClassLoaderAccessImpl  : Not known whether passed class name [com.rapidsecure.rapidsecure.entity.Rol] is safe
2024-08-10T20:59:11.284-05:00 DEBUG 40026 --- [rapidsecure] [           main] o.h.boot.internal.ClassLoaderAccessImpl  : No temp ClassLoader provided; using live ClassLoader for loading potentially unsafe class : com.rapidsecure.rapidsecure.entity.Rol
2024-08-10T20:59:11.284-05:00 DEBUG 40026 --- [rapidsecure] [           main] o.h.boot.model.internal.PropertyBinder   : MetadataSourceProcessor property id with lazy=false
2024-08-10T20:59:11.285-05:00 DEBUG 40026 --- [rapidsecure] [           main] o.h.b.m.internal.AbstractPropertyHolder  : Attempting to locate auto-apply AttributeConverter for property [com.rapidsecure.rapidsecure.entity.Rol:id]
2024-08-10T20:59:11.285-05:00 DEBUG 40026 --- [rapidsecure] [           main] o.h.b.model.internal.BasicValueBinder    : building BasicValue for id
2024-08-10T20:59:11.285-05:00 DEBUG 40026 --- [rapidsecure] [           main] org.hibernate.mapping.BasicValue         : Skipping column re-registration: rol.id
2024-08-10T20:59:11.285-05:00 DEBUG 40026 --- [rapidsecure] [           main] o.h.boot.model.internal.PropertyBinder   : Building property id
2024-08-10T20:59:11.285-05:00 DEBUG 40026 --- [rapidsecure] [           main] o.h.boot.model.internal.BinderHelper     : #makeIdGenerator(BasicValue([Column(id)]), id, identity, , ...)
2024-08-10T20:59:11.286-05:00 DEBUG 40026 --- [rapidsecure] [           main] o.h.boot.model.internal.AnnotatedColumn  : Binding column: AnnotatedColumn()
2024-08-10T20:59:11.286-05:00 DEBUG 40026 --- [rapidsecure] [           main] o.h.boot.model.internal.PropertyBinder   : MetadataSourceProcessor property nombre with lazy=false
2024-08-10T20:59:11.286-05:00 DEBUG 40026 --- [rapidsecure] [           main] o.h.b.m.internal.AbstractPropertyHolder  : Attempting to locate auto-apply AttributeConverter for property [com.rapidsecure.rapidsecure.entity.Rol:nombre]
2024-08-10T20:59:11.286-05:00 DEBUG 40026 --- [rapidsecure] [           main] o.h.b.model.internal.BasicValueBinder    : building BasicValue for nombre
2024-08-10T20:59:11.286-05:00 DEBUG 40026 --- [rapidsecure] [           main] org.hibernate.mapping.BasicValue         : Skipping column re-registration: rol.nombre
2024-08-10T20:59:11.286-05:00 DEBUG 40026 --- [rapidsecure] [           main] o.h.boot.model.internal.PropertyBinder   : Building property nombre
2024-08-10T20:59:11.287-05:00 DEBUG 40026 --- [rapidsecure] [           main] o.h.b.r.c.i.ClassLoaderServiceImpl       : HHH000194: Package not found or no package-info.java: com.rapidsecure.rapidsecure.entity
2024-08-10T20:59:11.287-05:00 DEBUG 40026 --- [rapidsecure] [           main] o.h.boot.model.internal.EntityBinder     : Binding entity from annotated class: com.rapidsecure.rapidsecure.entity.TipoEmergencia
2024-08-10T20:59:11.288-05:00 DEBUG 40026 --- [rapidsecure] [           main] o.h.boot.model.internal.EntityBinder     : Import with entity name TipoEmergencia
2024-08-10T20:59:11.288-05:00 DEBUG 40026 --- [rapidsecure] [           main] o.h.boot.model.internal.EntityBinder     : Bind entity com.rapidsecure.rapidsecure.entity.TipoEmergencia on table tipo_emergencia
2024-08-10T20:59:11.288-05:00 DEBUG 40026 --- [rapidsecure] [           main] o.h.boot.model.internal.AnnotatedColumn  : Binding column: AnnotatedDiscriminatorColumn(column='DTYPE')
2024-08-10T20:59:11.289-05:00 DEBUG 40026 --- [rapidsecure] [           main] o.h.boot.model.internal.AnnotatedColumn  : Binding column: AnnotatedColumn()
2024-08-10T20:59:11.289-05:00 DEBUG 40026 --- [rapidsecure] [           main] o.h.boot.internal.ClassLoaderAccessImpl  : Not known whether passed class name [com.rapidsecure.rapidsecure.entity.TipoEmergencia] is safe
2024-08-10T20:59:11.290-05:00 DEBUG 40026 --- [rapidsecure] [           main] o.h.boot.internal.ClassLoaderAccessImpl  : No temp ClassLoader provided; using live ClassLoader for loading potentially unsafe class : com.rapidsecure.rapidsecure.entity.TipoEmergencia
2024-08-10T20:59:11.290-05:00 DEBUG 40026 --- [rapidsecure] [           main] o.h.boot.model.internal.PropertyBinder   : MetadataSourceProcessor property id with lazy=false
2024-08-10T20:59:11.290-05:00 DEBUG 40026 --- [rapidsecure] [           main] o.h.b.m.internal.AbstractPropertyHolder  : Attempting to locate auto-apply AttributeConverter for property [com.rapidsecure.rapidsecure.entity.TipoEmergencia:id]
2024-08-10T20:59:11.290-05:00 DEBUG 40026 --- [rapidsecure] [           main] o.h.b.model.internal.BasicValueBinder    : building BasicValue for id
2024-08-10T20:59:11.290-05:00 DEBUG 40026 --- [rapidsecure] [           main] org.hibernate.mapping.BasicValue         : Skipping column re-registration: tipo_emergencia.id
2024-08-10T20:59:11.290-05:00 DEBUG 40026 --- [rapidsecure] [           main] o.h.boot.model.internal.PropertyBinder   : Building property id
2024-08-10T20:59:11.290-05:00 DEBUG 40026 --- [rapidsecure] [           main] o.h.boot.model.internal.BinderHelper     : #makeIdGenerator(BasicValue([Column(id)]), id, identity, , ...)
2024-08-10T20:59:11.291-05:00 DEBUG 40026 --- [rapidsecure] [           main] o.h.boot.model.internal.AnnotatedColumn  : Binding column: AnnotatedColumn()
2024-08-10T20:59:11.291-05:00 DEBUG 40026 --- [rapidsecure] [           main] o.h.boot.model.internal.PropertyBinder   : MetadataSourceProcessor property descripcion with lazy=false
2024-08-10T20:59:11.291-05:00 DEBUG 40026 --- [rapidsecure] [           main] o.h.b.m.internal.AbstractPropertyHolder  : Attempting to locate auto-apply AttributeConverter for property [com.rapidsecure.rapidsecure.entity.TipoEmergencia:descripcion]
2024-08-10T20:59:11.291-05:00 DEBUG 40026 --- [rapidsecure] [           main] o.h.b.model.internal.BasicValueBinder    : building BasicValue for descripcion
2024-08-10T20:59:11.292-05:00 DEBUG 40026 --- [rapidsecure] [           main] org.hibernate.mapping.BasicValue         : Skipping column re-registration: tipo_emergencia.descripcion
2024-08-10T20:59:11.292-05:00 DEBUG 40026 --- [rapidsecure] [           main] o.h.boot.model.internal.PropertyBinder   : Building property descripcion
2024-08-10T20:59:11.292-05:00 DEBUG 40026 --- [rapidsecure] [           main] o.h.boot.model.internal.AnnotatedColumn  : Binding column: AnnotatedColumn()
2024-08-10T20:59:11.292-05:00 DEBUG 40026 --- [rapidsecure] [           main] o.h.boot.model.internal.PropertyBinder   : MetadataSourceProcessor property nombre with lazy=false
2024-08-10T20:59:11.292-05:00 DEBUG 40026 --- [rapidsecure] [           main] o.h.b.m.internal.AbstractPropertyHolder  : Attempting to locate auto-apply AttributeConverter for property [com.rapidsecure.rapidsecure.entity.TipoEmergencia:nombre]
2024-08-10T20:59:11.292-05:00 DEBUG 40026 --- [rapidsecure] [           main] o.h.b.model.internal.BasicValueBinder    : building BasicValue for nombre
2024-08-10T20:59:11.293-05:00 DEBUG 40026 --- [rapidsecure] [           main] org.hibernate.mapping.BasicValue         : Skipping column re-registration: tipo_emergencia.nombre
2024-08-10T20:59:11.293-05:00 DEBUG 40026 --- [rapidsecure] [           main] o.h.boot.model.internal.PropertyBinder   : Building property nombre
2024-08-10T20:59:11.293-05:00 DEBUG 40026 --- [rapidsecure] [           main] o.h.b.r.c.i.ClassLoaderServiceImpl       : HHH000194: Package not found or no package-info.java: com.rapidsecure.rapidsecure.entity
2024-08-10T20:59:11.295-05:00 DEBUG 40026 --- [rapidsecure] [           main] o.h.b.model.internal.BasicValueBinder    : Starting `BasicValueBinder#fillSimpleValue` for id
2024-08-10T20:59:11.297-05:00 DEBUG 40026 --- [rapidsecure] [           main] o.h.b.model.internal.BasicValueBinder    : Starting `BasicValueBinder#fillSimpleValue` for nombre
2024-08-10T20:59:11.297-05:00 DEBUG 40026 --- [rapidsecure] [           main] o.h.b.model.internal.BasicValueBinder    : Starting `BasicValueBinder#fillSimpleValue` for id
2024-08-10T20:59:11.297-05:00 DEBUG 40026 --- [rapidsecure] [           main] o.h.b.model.internal.BasicValueBinder    : Starting `BasicValueBinder#fillSimpleValue` for cedula
2024-08-10T20:59:11.298-05:00 DEBUG 40026 --- [rapidsecure] [           main] o.h.b.model.internal.BasicValueBinder    : Starting `BasicValueBinder#fillSimpleValue` for correo
2024-08-10T20:59:11.298-05:00 DEBUG 40026 --- [rapidsecure] [           main] o.h.b.model.internal.BasicValueBinder    : Starting `BasicValueBinder#fillSimpleValue` for nombre
2024-08-10T20:59:11.298-05:00 DEBUG 40026 --- [rapidsecure] [           main] o.h.b.model.internal.BasicValueBinder    : Starting `BasicValueBinder#fillSimpleValue` for password
2024-08-10T20:59:11.298-05:00 DEBUG 40026 --- [rapidsecure] [           main] o.h.b.model.internal.BasicValueBinder    : Starting `BasicValueBinder#fillSimpleValue` for telefono
2024-08-10T20:59:11.298-05:00 DEBUG 40026 --- [rapidsecure] [           main] o.h.b.model.internal.BasicValueBinder    : Starting `BasicValueBinder#fillSimpleValue` for id
2024-08-10T20:59:11.299-05:00 DEBUG 40026 --- [rapidsecure] [           main] o.h.b.model.internal.BasicValueBinder    : Starting `BasicValueBinder#fillSimpleValue` for descripcion
2024-08-10T20:59:11.299-05:00 DEBUG 40026 --- [rapidsecure] [           main] o.h.b.model.internal.BasicValueBinder    : Starting `BasicValueBinder#fillSimpleValue` for fechaHoraReporte
2024-08-10T20:59:11.299-05:00 DEBUG 40026 --- [rapidsecure] [           main] o.h.b.model.internal.BasicValueBinder    : Starting `BasicValueBinder#fillSimpleValue` for latitud
2024-08-10T20:59:11.299-05:00 DEBUG 40026 --- [rapidsecure] [           main] o.h.b.model.internal.BasicValueBinder    : Starting `BasicValueBinder#fillSimpleValue` for longitud
2024-08-10T20:59:11.299-05:00 DEBUG 40026 --- [rapidsecure] [           main] o.h.b.model.internal.BasicValueBinder    : Starting `BasicValueBinder#fillSimpleValue` for ubicacion
2024-08-10T20:59:11.300-05:00 DEBUG 40026 --- [rapidsecure] [           main] o.h.b.model.internal.BasicValueBinder    : Starting `BasicValueBinder#fillSimpleValue` for id
2024-08-10T20:59:11.300-05:00 DEBUG 40026 --- [rapidsecure] [           main] o.h.b.model.internal.BasicValueBinder    : Starting `BasicValueBinder#fillSimpleValue` for nombre
2024-08-10T20:59:11.300-05:00 DEBUG 40026 --- [rapidsecure] [           main] o.h.b.model.internal.BasicValueBinder    : Starting `BasicValueBinder#fillSimpleValue` for id
2024-08-10T20:59:11.300-05:00 DEBUG 40026 --- [rapidsecure] [           main] o.h.b.model.internal.BasicValueBinder    : Starting `BasicValueBinder#fillSimpleValue` for descripcion
2024-08-10T20:59:11.300-05:00 DEBUG 40026 --- [rapidsecure] [           main] o.h.b.model.internal.BasicValueBinder    : Starting `BasicValueBinder#fillSimpleValue` for nombre
2024-08-10T20:59:11.306-05:00 DEBUG 40026 --- [rapidsecure] [           main] org.hibernate.mapping.PrimaryKey         : Forcing column [id] to be non-null as it is part of the primary key for table [estado]
2024-08-10T20:59:11.306-05:00 DEBUG 40026 --- [rapidsecure] [           main] org.hibernate.mapping.PrimaryKey         : Forcing column [id] to be non-null as it is part of the primary key for table [persona]
2024-08-10T20:59:11.306-05:00 DEBUG 40026 --- [rapidsecure] [           main] org.hibernate.mapping.PrimaryKey         : Forcing column [id] to be non-null as it is part of the primary key for table [reporte_emergencia]
2024-08-10T20:59:11.306-05:00 DEBUG 40026 --- [rapidsecure] [           main] org.hibernate.mapping.PrimaryKey         : Forcing column [id] to be non-null as it is part of the primary key for table [rol]
2024-08-10T20:59:11.307-05:00 DEBUG 40026 --- [rapidsecure] [           main] org.hibernate.mapping.PrimaryKey         : Forcing column [id] to be non-null as it is part of the primary key for table [tipo_emergencia]
2024-08-10T20:59:11.391-05:00 DEBUG 40026 --- [rapidsecure] [           main] o.hibernate.internal.SessionFactoryImpl  : Building session factory
2024-08-10T20:59:11.481-05:00 DEBUG 40026 --- [rapidsecure] [           main] .h.s.i.SessionFactoryServiceRegistryImpl : EventListenerRegistry access via ServiceRegistry is deprecated.  Use `sessionFactory.getEventEngine().getListenerRegistry()` instead
[...]
	at org.springframework.beans.factory.support.AbstractAutowireCapableBeanFactory.createBean(AbstractAutowireCapableBeanFactory.java:522) ~[spring-beans-6.1.10.jar:6.1.10]
	at org.springframework.beans.factory.support.AbstractBeanFactory.lambda$doGetBean$0(AbstractBeanFactory.java:337) ~[spring-beans-6.1.10.jar:6.1.10]
	at org.springframework.beans.factory.support.DefaultSingletonBeanRegistry.getSingleton(DefaultSingletonBeanRegistry.java:234) ~[spring-beans-6.1.10.jar:6.1.10]
	at org.springframework.beans.factory.support.AbstractBeanFactory.doGetBean(AbstractBeanFactory.java:335) ~[spring-beans-6.1.10.jar:6.1.10]
	at org.springframework.beans.factory.support.AbstractBeanFactory.getBean(AbstractBeanFactory.java:200) ~[spring-beans-6.1.10.jar:6.1.10]
	at org.springframework.beans.factory.config.DependencyDescriptor.resolveCandidate(DependencyDescriptor.java:254) ~[spring-beans-6.1.10.jar:6.1.10]
	at org.springframework.beans.factory.support.DefaultListableBeanFactory.doResolveDependency(DefaultListableBeanFactory.java:1443) ~[spring-beans-6.1.10.jar:6.1.10]
	at org.springframework.beans.factory.support.DefaultListableBeanFactory.resolveDependency(DefaultListableBeanFactory.java:1353) ~[spring-beans-6.1.10.jar:6.1.10]
	at org.springframework.beans.factory.annotation.AutowiredAnnotationBeanPostProcessor$AutowiredFieldElement.resolveFieldValue(AutowiredAnnotationBeanPostProcessor.java:784) ~[spring-beans-6.1.10.jar:6.1.10]
	at org.springframework.beans.factory.annotation.AutowiredAnnotationBeanPostProcessor$AutowiredFieldElement.inject(AutowiredAnnotationBeanPostProcessor.java:767) ~[spring-beans-6.1.10.jar:6.1.10]
	at org.springframework.beans.factory.annotation.InjectionMetadata.inject(InjectionMetadata.java:145) ~[spring-beans-6.1.10.jar:6.1.10]
	at org.springframework.beans.factory.annotation.AutowiredAnnotationBeanPostProcessor.postProcessProperties(AutowiredAnnotationBeanPostProcessor.java:508) ~[spring-beans-6.1.10.jar:6.1.10]
	at org.springframework.beans.factory.support.AbstractAutowireCapableBeanFactory.populateBean(AbstractAutowireCapableBeanFactory.java:1421) ~[spring-beans-6.1.10.jar:6.1.10]
	at org.springframework.beans.factory.support.AbstractAutowireCapableBeanFactory.doCreateBean(AbstractAutowireCapableBeanFactory.java:599) ~[spring-beans-6.1.10.jar:6.1.10]
	at org.springframework.beans.factory.support.AbstractAutowireCapableBeanFactory.createBean(AbstractAutowireCapableBeanFactory.java:522) ~[spring-beans-6.1.10.jar:6.1.10]
	at org.springframework.beans.factory.support.AbstractBeanFactory.lambda$doGetBean$0(AbstractBeanFactory.java:337) ~[spring-beans-6.1.10.jar:6.1.10]
	at org.springframework.beans.factory.support.DefaultSingletonBeanRegistry.getSingleton(DefaultSingletonBeanRegistry.java:234) ~[spring-beans-6.1.10.jar:6.1.10]
	at org.springframework.beans.factory.support.AbstractBeanFactory.doGetBean(AbstractBeanFactory.java:335) ~[spring-beans-6.1.10.jar:6.1.10]
	at org.springframework.beans.factory.support.AbstractBeanFactory.getBean(AbstractBeanFactory.java:200) ~[spring-beans-6.1.10.jar:6.1.10]
	at org.springframework.beans.factory.config.DependencyDescriptor.resolveCandidate(DependencyDescriptor.java:254) ~[spring-beans-6.1.10.jar:6.1.10]
	at org.springframework.beans.factory.support.DefaultListableBeanFactory.doResolveDependency(DefaultListableBeanFactory.java:1443) ~[spring-beans-6.1.10.jar:6.1.10]
	at org.springframework.beans.factory.support.DefaultListableBeanFactory.resolveDependency(DefaultListableBeanFactory.java:1353) ~[spring-beans-6.1.10.jar:6.1.10]
	at org.springframework.beans.factory.annotation.AutowiredAnnotationBeanPostProcessor$AutowiredFieldElement.resolveFieldValue(AutowiredAnnotationBeanPostProcessor.java:784) ~[spring-beans-6.1.10.jar:6.1.10]
	at org.springframework.beans.factory.annotation.AutowiredAnnotationBeanPostProcessor$AutowiredFieldElement.inject(AutowiredAnnotationBeanPostProcessor.java:767) ~[spring-beans-6.1.10.jar:6.1.10]
	at org.springframework.beans.factory.annotation.InjectionMetadata.inject(InjectionMetadata.java:145) ~[spring-beans-6.1.10.jar:6.1.10]
	at org.springframework.beans.factory.annotation.AutowiredAnnotationBeanPostProcessor.postProcessProperties(AutowiredAnnotationBeanPostProcessor.java:508) ~[spring-beans-6.1.10.jar:6.1.10]
	at org.springframework.beans.factory.support.AbstractAutowireCapableBeanFactory.populateBean(AbstractAutowireCapableBeanFactory.java:1421) ~[spring-beans-6.1.10.jar:6.1.10]
	at org.springframework.beans.factory.support.AbstractAutowireCapableBeanFactory.doCreateBean(AbstractAutowireCapableBeanFactory.java:599) ~[spring-beans-6.1.10.jar:6.1.10]
	at org.springframework.beans.factory.support.AbstractAutowireCapableBeanFactory.createBean(AbstractAutowireCapableBeanFactory.java:522) ~[spring-beans-6.1.10.jar:6.1.10]
	at org.springframework.beans.factory.support.AbstractBeanFactory.lambda$doGetBean$0(AbstractBeanFactory.java:337) ~[spring-beans-6.1.10.jar:6.1.10]
	at org.springframework.beans.factory.support.DefaultSingletonBeanRegistry.getSingleton(DefaultSingletonBeanRegistry.java:234) ~[spring-beans-6.1.10.jar:6.1.10]
	at org.springframework.beans.factory.support.AbstractBeanFactory.doGetBean(AbstractBeanFactory.java:335) ~[spring-beans-6.1.10.jar:6.1.10]
	at org.springframework.beans.factory.support.AbstractBeanFactory.getBean(AbstractBeanFactory.java:200) ~[spring-beans-6.1.10.jar:6.1.10]
	at org.springframework.beans.factory.support.DefaultListableBeanFactory.preInstantiateSingletons(DefaultListableBeanFactory.java:975) ~[spring-beans-6.1.10.jar:6.1.10]
	at org.springframework.context.support.AbstractApplicationContext.finishBeanFactoryInitialization(AbstractApplicationContext.java:962) ~[spring-context-6.1.10.jar:6.1.10]
	at org.springframework.context.support.AbstractApplicationContext.refresh(AbstractApplicationContext.java:624) ~[spring-context-6.1.10.jar:6.1.10]
	at org.springframework.boot.SpringApplication.refresh(SpringApplication.java:754) ~[spring-boot-3.3.1.jar:3.3.1]
	at org.springframework.boot.SpringApplication.refreshContext(SpringApplication.java:456) ~[spring-boot-3.3.1.jar:3.3.1]
	at org.springframework.boot.SpringApplication.run(SpringApplication.java:335) ~[spring-boot-3.3.1.jar:3.3.1]
	at org.springframework.boot.test.context.SpringBootContextLoader.lambda$loadContext$3(SpringBootContextLoader.java:137) ~[spring-boot-test-3.3.1.jar:3.3.1]
	at org.springframework.util.function.ThrowingSupplier.get(ThrowingSupplier.java:58) ~[spring-core-6.1.10.jar:6.1.10]
	at org.springframework.util.function.ThrowingSupplier.get(ThrowingSupplier.java:46) ~[spring-core-6.1.10.jar:6.1.10]
	at org.springframework.boot.SpringApplication.withHook(SpringApplication.java:1463) ~[spring-boot-3.3.1.jar:3.3.1]
	at org.springframework.boot.test.context.SpringBootContextLoader$ContextLoaderHook.run(SpringBootContextLoader.java:553) ~[spring-boot-test-3.3.1.jar:3.3.1]
	at org.springframework.boot.test.context.SpringBootContextLoader.loadContext(SpringBootContextLoader.java:137) ~[spring-boot-test-3.3.1.jar:3.3.1]
	at org.springframework.boot.test.context.SpringBootContextLoader.loadContext(SpringBootContextLoader.java:108) ~[spring-boot-test-3.3.1.jar:3.3.1]
	at org.springframework.test.context.cache.DefaultCacheAwareContextLoaderDelegate.loadContextInternal(DefaultCacheAwareContextLoaderDelegate.java:225) ~[spring-test-6.1.10.jar:6.1.10]
	at org.springframework.test.context.cache.DefaultCacheAwareContextLoaderDelegate.loadContext(DefaultCacheAwareContextLoaderDelegate.java:152) ~[spring-test-6.1.10.jar:6.1.10]
	at org.springframework.test.context.support.DefaultTestContext.getApplicationContext(DefaultTestContext.java:130) ~[spring-test-6.1.10.jar:6.1.10]
	at org.springframework.test.context.web.ServletTestExecutionListener.setUpRequestContextIfNecessary(ServletTestExecutionListener.java:191) ~[spring-test-6.1.10.jar:6.1.10]
	at org.springframework.test.context.web.ServletTestExecutionListener.prepareTestInstance(ServletTestExecutionListener.java:130) ~[spring-test-6.1.10.jar:6.1.10]
	at org.springframework.test.context.TestContextManager.prepareTestInstance(TestContextManager.java:260) ~[spring-test-6.1.10.jar:6.1.10]
	at org.springframework.test.context.junit.jupiter.SpringExtension.postProcessTestInstance(SpringExtension.java:163) ~[spring-test-6.1.10.jar:6.1.10]
	at org.junit.jupiter.engine.descriptor.ClassBasedTestDescriptor.lambda$invokeTestInstancePostProcessors$10(ClassBasedTestDescriptor.java:378) ~[junit-jupiter-engine-5.10.2.jar:5.10.2]
	at org.junit.jupiter.engine.descriptor.ClassBasedTestDescriptor.executeAndMaskThrowable(ClassBasedTestDescriptor.java:383) ~[junit-jupiter-engine-5.10.2.jar:5.10.2]
	at org.junit.jupiter.engine.descriptor.ClassBasedTestDescriptor.lambda$invokeTestInstancePostProcessors$11(ClassBasedTestDescriptor.java:378) ~[junit-jupiter-engine-5.10.2.jar:5.10.2]
	at java.base/java.util.stream.ReferencePipeline$3$1.accept(ReferencePipeline.java:197) ~[na:na]
	at java.base/java.util.stream.ReferencePipeline$2$1.accept(ReferencePipeline.java:179) ~[na:na]
	at java.base/java.util.ArrayList$ArrayListSpliterator.forEachRemaining(ArrayList.java:1708) ~[na:na]
	at java.base/java.util.stream.AbstractPipeline.copyInto(AbstractPipeline.java:509) ~[na:na]
	at java.base/java.util.stream.AbstractPipeline.wrapAndCopyInto(AbstractPipeline.java:499) ~[na:na]
	at java.base/java.util.stream.StreamSpliterators$WrappingSpliterator.forEachRemaining(StreamSpliterators.java:310) ~[na:na]
	at java.base/java.util.stream.Streams$ConcatSpliterator.forEachRemaining(Streams.java:735) ~[na:na]
	at java.base/java.util.stream.Streams$ConcatSpliterator.forEachRemaining(Streams.java:734) ~[na:na]
	at java.base/java.util.stream.ReferencePipeline$Head.forEach(ReferencePipeline.java:762) ~[na:na]
	at org.junit.jupiter.engine.descriptor.ClassBasedTestDescriptor.invokeTestInstancePostProcessors(ClassBasedTestDescriptor.java:377) ~[junit-jupiter-engine-5.10.2.jar:5.10.2]
	at org.junit.jupiter.engine.descriptor.ClassBasedTestDescriptor.lambda$instantiateAndPostProcessTestInstance$6(ClassBasedTestDescriptor.java:290) ~[junit-jupiter-engine-5.10.2.jar:5.10.2]
	at org.junit.platform.engine.support.hierarchical.ThrowableCollector.execute(ThrowableCollector.java:73) ~[junit-platform-engine-1.10.2.jar:1.10.2]
	at org.junit.jupiter.engine.descriptor.ClassBasedTestDescriptor.instantiateAndPostProcessTestInstance(ClassBasedTestDescriptor.java:289) ~[junit-jupiter-engine-5.10.2.jar:5.10.2]
	at org.junit.jupiter.engine.descriptor.ClassBasedTestDescriptor.lambda$testInstancesProvider$4(ClassBasedTestDescriptor.java:279) ~[junit-jupiter-engine-5.10.2.jar:5.10.2]
	at java.base/java.util.Optional.orElseGet(Optional.java:364) ~[na:na]
	at org.junit.jupiter.engine.descriptor.ClassBasedTestDescriptor.lambda$testInstancesProvider$5(ClassBasedTestDescriptor.java:278) ~[junit-jupiter-engine-5.10.2.jar:5.10.2]
	at org.junit.jupiter.engine.execution.TestInstancesProvider.getTestInstances(TestInstancesProvider.java:31) ~[junit-jupiter-engine-5.10.2.jar:5.10.2]
	at org.junit.jupiter.engine.descriptor.TestMethodTestDescriptor.lambda$prepare$0(TestMethodTestDescriptor.java:106) ~[junit-jupiter-engine-5.10.2.jar:5.10.2]
	at org.junit.platform.engine.support.hierarchical.ThrowableCollector.execute(ThrowableCollector.java:73) ~[junit-platform-engine-1.10.2.jar:1.10.2]
	at org.junit.jupiter.engine.descriptor.TestMethodTestDescriptor.prepare(TestMethodTestDescriptor.java:105) ~[junit-jupiter-engine-5.10.2.jar:5.10.2]
	at org.junit.jupiter.engine.descriptor.TestMethodTestDescriptor.prepare(TestMethodTestDescriptor.java:69) ~[junit-jupiter-engine-5.10.2.jar:5.10.2]
	at org.junit.platform.engine.support.hierarchical.NodeTestTask.lambda$prepare$2(NodeTestTask.java:123) ~[junit-platform-engine-1.10.2.jar:1.10.2]
	at org.junit.platform.engine.support.hierarchical.ThrowableCollector.execute(ThrowableCollector.java:73) ~[junit-platform-engine-1.10.2.jar:1.10.2]
	at org.junit.platform.engine.support.hierarchical.NodeTestTask.prepare(NodeTestTask.java:123) ~[junit-platform-engine-1.10.2.jar:1.10.2]
	at org.junit.platform.engine.support.hierarchical.NodeTestTask.execute(NodeTestTask.java:90) ~[junit-platform-engine-1.10.2.jar:1.10.2]
	at java.base/java.util.ArrayList.forEach(ArrayList.java:1596) ~[na:na]
	at org.junit.platform.engine.support.hierarchical.SameThreadHierarchicalTestExecutorService.invokeAll(SameThreadHierarchicalTestExecutorService.java:41) ~[junit-platform-engine-1.10.2.jar:1.10.2]
	at org.junit.platform.engine.support.hierarchical.NodeTestTask.lambda$executeRecursively$6(NodeTestTask.java:155) ~[junit-platform-engine-1.10.2.jar:1.10.2]
	at org.junit.platform.engine.support.hierarchical.ThrowableCollector.execute(ThrowableCollector.java:73) ~[junit-platform-engine-1.10.2.jar:1.10.2]
	at org.junit.platform.engine.support.hierarchical.NodeTestTask.lambda$executeRecursively$8(NodeTestTask.java:141) ~[junit-platform-engine-1.10.2.jar:1.10.2]
	at org.junit.platform.engine.support.hierarchical.Node.around(Node.java:137) ~[junit-platform-engine-1.10.2.jar:1.10.2]
	at org.junit.platform.engine.support.hierarchical.NodeTestTask.lambda$executeRecursively$9(NodeTestTask.java:139) ~[junit-platform-engine-1.10.2.jar:1.10.2]
	at org.junit.platform.engine.support.hierarchical.ThrowableCollector.execute(ThrowableCollector.java:73) ~[junit-platform-engine-1.10.2.jar:1.10.2]
	at org.junit.platform.engine.support.hierarchical.NodeTestTask.executeRecursively(NodeTestTask.java:138) ~[junit-platform-engine-1.10.2.jar:1.10.2]
	at org.junit.platform.engine.support.hierarchical.NodeTestTask.execute(NodeTestTask.java:95) ~[junit-platform-engine-1.10.2.jar:1.10.2]
	at java.base/java.util.ArrayList.forEach(ArrayList.java:1596) ~[na:na]
	at org.junit.platform.engine.support.hierarchical.SameThreadHierarchicalTestExecutorService.invokeAll(SameThreadHierarchicalTestExecutorService.java:41) ~[junit-platform-engine-1.10.2.jar:1.10.2]
	at org.junit.platform.engine.support.hierarchical.NodeTestTask.lambda$executeRecursively$6(NodeTestTask.java:155) ~[junit-platform-engine-1.10.2.jar:1.10.2]
	at org.junit.platform.engine.support.hierarchical.ThrowableCollector.execute(ThrowableCollector.java:73) ~[junit-platform-engine-1.10.2.jar:1.10.2]
	at org.junit.platform.engine.support.hierarchical.NodeTestTask.lambda$executeRecursively$8(NodeTestTask.java:141) ~[junit-platform-engine-1.10.2.jar:1.10.2]
	at org.junit.platform.engine.support.hierarchical.Node.around(Node.java:137) ~[junit-platform-engine-1.10.2.jar:1.10.2]
	at org.junit.platform.engine.support.hierarchical.NodeTestTask.lambda$executeRecursively$9(NodeTestTask.java:139) ~[junit-platform-engine-1.10.2.jar:1.10.2]
	at org.junit.platform.engine.support.hierarchical.ThrowableCollector.execute(ThrowableCollector.java:73) ~[junit-platform-engine-1.10.2.jar:1.10.2]
	at org.junit.platform.engine.support.hierarchical.NodeTestTask.executeRecursively(NodeTestTask.java:138) ~[junit-platform-engine-1.10.2.jar:1.10.2]
	at org.junit.platform.engine.support.hierarchical.NodeTestTask.execute(NodeTestTask.java:95) ~[junit-platform-engine-1.10.2.jar:1.10.2]
	at org.junit.platform.engine.support.hierarchical.SameThreadHierarchicalTestExecutorService.submit(SameThreadHierarchicalTestExecutorService.java:35) ~[junit-platform-engine-1.10.2.jar:1.10.2]
	at org.junit.platform.engine.support.hierarchical.HierarchicalTestExecutor.execute(HierarchicalTestExecutor.java:57) ~[junit-platform-engine-1.10.2.jar:1.10.2]
	at org.junit.platform.engine.support.hierarchical.HierarchicalTestEngine.execute(HierarchicalTestEngine.java:54) ~[junit-platform-engine-1.10.2.jar:1.10.2]
	at org.junit.platform.launcher.core.EngineExecutionOrchestrator.execute(EngineExecutionOrchestrator.java:198) ~[junit-platform-launcher-1.10.2.jar:1.10.2]
	at org.junit.platform.launcher.core.EngineExecutionOrchestrator.execute(EngineExecutionOrchestrator.java:169) ~[junit-platform-launcher-1.10.2.jar:1.10.2]
	at org.junit.platform.launcher.core.EngineExecutionOrchestrator.execute(EngineExecutionOrchestrator.java:93) ~[junit-platform-launcher-1.10.2.jar:1.10.2]
	at org.junit.platform.launcher.core.EngineExecutionOrchestrator.lambda$execute$0(EngineExecutionOrchestrator.java:58) ~[junit-platform-launcher-1.10.2.jar:1.10.2]
	at org.junit.platform.launcher.core.EngineExecutionOrchestrator.withInterceptedStreams(EngineExecutionOrchestrator.java:141) ~[junit-platform-launcher-1.10.2.jar:1.10.2]
	at org.junit.platform.launcher.core.EngineExecutionOrchestrator.execute(EngineExecutionOrchestrator.java:57) ~[junit-platform-launcher-1.10.2.jar:1.10.2]
	at org.junit.platform.launcher.core.DefaultLauncher.execute(DefaultLauncher.java:103) ~[junit-platform-launcher-1.10.2.jar:1.10.2]
	at org.junit.platform.launcher.core.DefaultLauncher.execute(DefaultLauncher.java:85) ~[junit-platform-launcher-1.10.2.jar:1.10.2]
	at org.junit.platform.launcher.core.DelegatingLauncher.execute(DelegatingLauncher.java:47) ~[junit-platform-launcher-1.10.2.jar:1.10.2]
	at org.apache.maven.surefire.junitplatform.LazyLauncher.execute(LazyLauncher.java:56) ~[surefire-junit-platform-3.2.5.jar:3.2.5]
	at org.apache.maven.surefire.junitplatform.JUnitPlatformProvider.execute(JUnitPlatformProvider.java:184) ~[surefire-junit-platform-3.2.5.jar:3.2.5]
	at org.apache.maven.surefire.junitplatform.JUnitPlatformProvider.invokeAllTests(JUnitPlatformProvider.java:148) ~[surefire-junit-platform-3.2.5.jar:3.2.5]
	at org.apache.maven.surefire.junitplatform.JUnitPlatformProvider.invoke(JUnitPlatformProvider.java:122) ~[surefire-junit-platform-3.2.5.jar:3.2.5]
	at org.apache.maven.surefire.booter.ForkedBooter.runSuitesInProcess(ForkedBooter.java:385) ~[surefire-booter-3.2.5.jar:3.2.5]
	at org.apache.maven.surefire.booter.ForkedBooter.execute(ForkedBooter.java:162) ~[surefire-booter-3.2.5.jar:3.2.5]
	at org.apache.maven.surefire.booter.ForkedBooter.run(ForkedBooter.java:507) ~[surefire-booter-3.2.5.jar:3.2.5]
	at org.apache.maven.surefire.booter.ForkedBooter.main(ForkedBooter.java:495) ~[surefire-booter-3.2.5.jar:3.2.5]

2024-08-10T20:59:20.061-05:00  WARN 40026 --- [rapidsecure] [           main] JpaBaseConfiguration$JpaWebConfiguration : spring.jpa.open-in-view is enabled by default. Therefore, database queries may be performed during view rendering. Explicitly configure spring.jpa.open-in-view to disable this warning
2024-08-10T20:59:20.339-05:00 DEBUG 40026 --- [rapidsecure] [           main] s.w.s.m.m.a.RequestMappingHandlerMapping : 29 mappings in 'requestMappingHandlerMapping'
2024-08-10T20:59:20.708-05:00 DEBUG 40026 --- [rapidsecure] [           main] o.s.w.s.handler.SimpleUrlHandlerMapping  : Patterns [/webjars/**, /**, /swagger-ui*/*swagger-initializer.js, /swagger-ui*/**] in 'resourceHandlerMapping'
2024-08-10T20:59:20.796-05:00 DEBUG 40026 --- [rapidsecure] [           main] s.w.s.m.m.a.RequestMappingHandlerAdapter : ControllerAdvice beans: 0 @ModelAttribute, 0 @InitBinder, 1 RequestBodyAdvice, 1 ResponseBodyAdvice
2024-08-10T20:59:20.861-05:00 DEBUG 40026 --- [rapidsecure] [           main] .m.m.a.ExceptionHandlerExceptionResolver : ControllerAdvice beans: 1 @ExceptionHandler, 1 ResponseBodyAdvice
2024-08-10T20:59:21.163-05:00  INFO 40026 --- [rapidsecure] [           main] c.r.r.RapidsecureApplicationTests        : Started RapidsecureApplicationTests in 18.795 seconds (process running for 20.395)
]]></system-out>
    <system-err><![CDATA[WARNING: A Java agent has been loaded dynamically (/home/sucode/.m2/repository/net/bytebuddy/byte-buddy-agent/1.14.17/byte-buddy-agent-1.14.17.jar)
WARNING: If a serviceability tool is in use, please run with -XX:+EnableDynamicAgentLoading to hide this warning
WARNING: If a serviceability tool is not in use, please run with -Djdk.instrument.traceUsage for more information
WARNING: Dynamic loading of agents will be disallowed by default in a future release
]]></system-err>
  </testcase>
</testsuite>